

--cv /media/genyoda/Extra_Storage/Projets/MOBELS/Beluga_PopStructure_Global/./00_Data/03b_ddRAD_Bringloe/populations.26019snps.638ind.final.recode.bed 5 -j8


****                   ADMIXTURE Version 1.3.0                  ****
****                    Copyright 2008-2015                     ****
****           David Alexander, Suyash Shringarpure,            ****
****                John  Novembre, Ken Lange                   ****
****                                                            ****
****                 Please cite our paper!                     ****
****   Information at www.genetics.ucla.edu/software/admixture  ****

Cross-validation will be performed.  Folds=5.
Parallel execution requested.  Will use 8 threads.
Random seed: 43
Point estimation method: Block relaxation algorithm
Convergence acceleration algorithm: QuasiNewton, 3 secant conditions
Point estimation will terminate when objective function delta < 0.0001
Estimation of standard errors disabled; will compute point estimates only.
Size of G: 638x26019
Performing five EM steps to prime main algorithm
1 (EM) 	Elapsed: 0.899	Loglikelihood: -1.38959e+07	(delta): 1.07748e+07
2 (EM) 	Elapsed: 1.215	Loglikelihood: -1.33282e+07	(delta): 567714
3 (EM) 	Elapsed: 1.244	Loglikelihood: -1.32068e+07	(delta): 121386
4 (EM) 	Elapsed: 1.242	Loglikelihood: -1.3141e+07	(delta): 65800.3
5 (EM) 	Elapsed: 1.243	Loglikelihood: -1.30962e+07	(delta): 44823.4
Initial loglikelihood: -1.30962e+07
Starting main algorithm
1 (QN/Block) 	Elapsed: 5.257	Loglikelihood: -1.29087e+07	(delta): 187453
2 (QN/Block) 	Elapsed: 5.264	Loglikelihood: -1.28044e+07	(delta): 104328
3 (QN/Block) 	Elapsed: 5.328	Loglikelihood: -1.27856e+07	(delta): 18782.1
4 (QN/Block) 	Elapsed: 5.391	Loglikelihood: -1.27798e+07	(delta): 5785.91
5 (QN/Block) 	Elapsed: 5.328	Loglikelihood: -1.27765e+07	(delta): 3334.02
6 (QN/Block) 	Elapsed: 5.347	Loglikelihood: -1.27751e+07	(delta): 1329.12
7 (QN/Block) 	Elapsed: 5.394	Loglikelihood: -1.27745e+07	(delta): 672.874
8 (QN/Block) 	Elapsed: 5.328	Loglikelihood: -1.27739e+07	(delta): 525.476
9 (QN/Block) 	Elapsed: 5.33	Loglikelihood: -1.27734e+07	(delta): 504.331
10 (QN/Block) 	Elapsed: 5.303	Loglikelihood: -1.27731e+07	(delta): 309.619
11 (QN/Block) 	Elapsed: 5.295	Loglikelihood: -1.27729e+07	(delta): 189.989
12 (QN/Block) 	Elapsed: 5.295	Loglikelihood: -1.27728e+07	(delta): 122.305
13 (QN/Block) 	Elapsed: 5.312	Loglikelihood: -1.27726e+07	(delta): 219.719
14 (QN/Block) 	Elapsed: 5.339	Loglikelihood: -1.27724e+07	(delta): 171.907
15 (QN/Block) 	Elapsed: 5.332	Loglikelihood: -1.27724e+07	(delta): 53.9695
16 (QN/Block) 	Elapsed: 5.326	Loglikelihood: -1.27723e+07	(delta): 51.3029
17 (QN/Block) 	Elapsed: 5.279	Loglikelihood: -1.27723e+07	(delta): 46.6664
18 (QN/Block) 	Elapsed: 5.3	Loglikelihood: -1.27722e+07	(delta): 36.355
19 (QN/Block) 	Elapsed: 5.292	Loglikelihood: -1.27722e+07	(delta): 26.8003
20 (QN/Block) 	Elapsed: 5.297	Loglikelihood: -1.27722e+07	(delta): 16.9642
21 (QN/Block) 	Elapsed: 5.316	Loglikelihood: -1.27722e+07	(delta): 23.4769
22 (QN/Block) 	Elapsed: 5.319	Loglikelihood: -1.27721e+07	(delta): 23.8317
23 (QN/Block) 	Elapsed: 5.295	Loglikelihood: -1.27721e+07	(delta): 14.7706
24 (QN/Block) 	Elapsed: 5.299	Loglikelihood: -1.27721e+07	(delta): 12.2202
25 (QN/Block) 	Elapsed: 5.293	Loglikelihood: -1.27721e+07	(delta): 9.78879
26 (QN/Block) 	Elapsed: 5.364	Loglikelihood: -1.27721e+07	(delta): 15.2874
27 (QN/Block) 	Elapsed: 5.329	Loglikelihood: -1.27721e+07	(delta): 3.42519
28 (QN/Block) 	Elapsed: 5.275	Loglikelihood: -1.27721e+07	(delta): 9.68859
29 (QN/Block) 	Elapsed: 5.282	Loglikelihood: -1.27721e+07	(delta): 5.08905
30 (QN/Block) 	Elapsed: 5.277	Loglikelihood: -1.27721e+07	(delta): 3.48527
31 (QN/Block) 	Elapsed: 5.328	Loglikelihood: -1.27721e+07	(delta): 3.22885
32 (QN/Block) 	Elapsed: 5.336	Loglikelihood: -1.27721e+07	(delta): 7.04406
33 (QN/Block) 	Elapsed: 5.357	Loglikelihood: -1.27721e+07	(delta): 6.89804
34 (QN/Block) 	Elapsed: 5.285	Loglikelihood: -1.2772e+07	(delta): 4.73916
35 (QN/Block) 	Elapsed: 5.342	Loglikelihood: -1.2772e+07	(delta): 1.65704
36 (QN/Block) 	Elapsed: 5.351	Loglikelihood: -1.2772e+07	(delta): 1.67227
37 (QN/Block) 	Elapsed: 6.196	Loglikelihood: -1.2772e+07	(delta): 2.36602
38 (QN/Block) 	Elapsed: 5.942	Loglikelihood: -1.2772e+07	(delta): 4.3507
39 (QN/Block) 	Elapsed: 5.385	Loglikelihood: -1.2772e+07	(delta): 3.91209
40 (QN/Block) 	Elapsed: 5.383	Loglikelihood: -1.2772e+07	(delta): 1.29234
41 (QN/Block) 	Elapsed: 5.376	Loglikelihood: -1.2772e+07	(delta): 1.26454
42 (QN/Block) 	Elapsed: 5.387	Loglikelihood: -1.2772e+07	(delta): 1.24274
43 (QN/Block) 	Elapsed: 5.372	Loglikelihood: -1.2772e+07	(delta): 1.22275
44 (QN/Block) 	Elapsed: 5.396	Loglikelihood: -1.2772e+07	(delta): 1.20157
45 (QN/Block) 	Elapsed: 5.385	Loglikelihood: -1.2772e+07	(delta): 1.18358
46 (QN/Block) 	Elapsed: 5.377	Loglikelihood: -1.2772e+07	(delta): 1.16986
47 (QN/Block) 	Elapsed: 5.374	Loglikelihood: -1.2772e+07	(delta): 1.15347
48 (QN/Block) 	Elapsed: 5.383	Loglikelihood: -1.2772e+07	(delta): 1.13756
49 (QN/Block) 	Elapsed: 5.376	Loglikelihood: -1.2772e+07	(delta): 1.652
50 (QN/Block) 	Elapsed: 5.388	Loglikelihood: -1.2772e+07	(delta): 5.80035
51 (QN/Block) 	Elapsed: 5.399	Loglikelihood: -1.2772e+07	(delta): 0.952977
52 (QN/Block) 	Elapsed: 5.379	Loglikelihood: -1.2772e+07	(delta): 2.51047
53 (QN/Block) 	Elapsed: 5.381	Loglikelihood: -1.2772e+07	(delta): 4.41768
54 (QN/Block) 	Elapsed: 5.377	Loglikelihood: -1.2772e+07	(delta): 3.38614
55 (QN/Block) 	Elapsed: 5.395	Loglikelihood: -1.2772e+07	(delta): 3.70634
56 (QN/Block) 	Elapsed: 5.343	Loglikelihood: -1.2772e+07	(delta): 1.751
57 (QN/Block) 	Elapsed: 5.344	Loglikelihood: -1.2772e+07	(delta): 2.48216
58 (QN/Block) 	Elapsed: 5.369	Loglikelihood: -1.2772e+07	(delta): 3.69336
59 (QN/Block) 	Elapsed: 5.324	Loglikelihood: -1.2772e+07	(delta): 1.2062
60 (QN/Block) 	Elapsed: 5.319	Loglikelihood: -1.2772e+07	(delta): 3.79788
61 (QN/Block) 	Elapsed: 5.306	Loglikelihood: -1.2772e+07	(delta): 2.54319
62 (QN/Block) 	Elapsed: 5.303	Loglikelihood: -1.2772e+07	(delta): 2.4376
63 (QN/Block) 	Elapsed: 5.301	Loglikelihood: -1.2772e+07	(delta): 0.868124
64 (QN/Block) 	Elapsed: 5.304	Loglikelihood: -1.2772e+07	(delta): 1.18351
65 (QN/Block) 	Elapsed: 5.304	Loglikelihood: -1.2772e+07	(delta): 1.72771
66 (QN/Block) 	Elapsed: 5.305	Loglikelihood: -1.2772e+07	(delta): 1.06179
67 (QN/Block) 	Elapsed: 5.303	Loglikelihood: -1.2772e+07	(delta): 0.354663
68 (QN/Block) 	Elapsed: 5.301	Loglikelihood: -1.2772e+07	(delta): 0.314474
69 (QN/Block) 	Elapsed: 5.303	Loglikelihood: -1.2772e+07	(delta): 0.577962
70 (QN/Block) 	Elapsed: 5.309	Loglikelihood: -1.2772e+07	(delta): 0.279088
71 (QN/Block) 	Elapsed: 5.306	Loglikelihood: -1.2772e+07	(delta): 0.244721
72 (QN/Block) 	Elapsed: 5.31	Loglikelihood: -1.2772e+07	(delta): 0.148531
73 (QN/Block) 	Elapsed: 5.306	Loglikelihood: -1.2772e+07	(delta): 0.580547
74 (QN/Block) 	Elapsed: 5.311	Loglikelihood: -1.2772e+07	(delta): 0.373422
75 (QN/Block) 	Elapsed: 5.307	Loglikelihood: -1.2772e+07	(delta): 0.0761882
76 (QN/Block) 	Elapsed: 5.31	Loglikelihood: -1.2772e+07	(delta): 0.0353741
77 (QN/Block) 	Elapsed: 5.309	Loglikelihood: -1.2772e+07	(delta): 0.0524513
78 (QN/Block) 	Elapsed: 5.313	Loglikelihood: -1.2772e+07	(delta): 0.0440025
79 (QN/Block) 	Elapsed: 5.302	Loglikelihood: -1.2772e+07	(delta): 0.0373478
80 (QN/Block) 	Elapsed: 5.317	Loglikelihood: -1.2772e+07	(delta): 0.0180239
81 (QN/Block) 	Elapsed: 5.313	Loglikelihood: -1.2772e+07	(delta): 0.0301363
82 (QN/Block) 	Elapsed: 5.308	Loglikelihood: -1.2772e+07	(delta): 0.0337657
83 (QN/Block) 	Elapsed: 5.304	Loglikelihood: -1.2772e+07	(delta): 0.0189749
84 (QN/Block) 	Elapsed: 5.317	Loglikelihood: -1.2772e+07	(delta): 0.00510323
85 (QN/Block) 	Elapsed: 5.308	Loglikelihood: -1.2772e+07	(delta): 0.0108816
86 (QN/Block) 	Elapsed: 5.312	Loglikelihood: -1.2772e+07	(delta): 0.027788
87 (QN/Block) 	Elapsed: 5.311	Loglikelihood: -1.2772e+07	(delta): 0.00817002
88 (QN/Block) 	Elapsed: 5.306	Loglikelihood: -1.2772e+07	(delta): 0.00176604
89 (QN/Block) 	Elapsed: 5.311	Loglikelihood: -1.2772e+07	(delta): 0.00169812
90 (QN/Block) 	Elapsed: 5.307	Loglikelihood: -1.2772e+07	(delta): 0.00113209
91 (QN/Block) 	Elapsed: 5.315	Loglikelihood: -1.2772e+07	(delta): 0.00207022
92 (QN/Block) 	Elapsed: 5.31	Loglikelihood: -1.2772e+07	(delta): 0.00156257
93 (QN/Block) 	Elapsed: 5.309	Loglikelihood: -1.2772e+07	(delta): 0.000494927
94 (QN/Block) 	Elapsed: 5.316	Loglikelihood: -1.2772e+07	(delta): 0.000216665
95 (QN/Block) 	Elapsed: 5.31	Loglikelihood: -1.2772e+07	(delta): 0.000295317
96 (QN/Block) 	Elapsed: 5.318	Loglikelihood: -1.2772e+07	(delta): 0.000427688
97 (QN/Block) 	Elapsed: 5.313	Loglikelihood: -1.2772e+07	(delta): 0.000141906
98 (QN/Block) 	Elapsed: 5.309	Loglikelihood: -1.2772e+07	(delta): 0.000104871
99 (QN/Block) 	Elapsed: 5.309	Loglikelihood: -1.2772e+07	(delta): 0.000124287
100 (QN/Block) 	Elapsed: 5.309	Loglikelihood: -1.2772e+07	(delta): 0.000106953
101 (QN/Block) 	Elapsed: 5.31	Loglikelihood: -1.2772e+07	(delta): 5.58011e-05
Summary: 
Converged in 101 iterations (547.861 sec)
Loglikelihood: -12771974.629659
Fst divergences between estimated populations: 
	Pop0	Pop1	Pop2	Pop3	
Pop0	
Pop1	0.107	
Pop2	0.113	0.047	
Pop3	0.123	0.049	0.059	
Pop4	0.110	0.035	0.042	0.056	
CV error (K=5): 0.46499
Writing output files.
