

--cv /media/genyoda/Extra_Storage/Projets/MOBELS/Beluga_PopStructure_Global/./00_Data/03b_ddRAD_Bringloe/populations.26019snps.638ind.final.recode.bed 10 -j8


****                   ADMIXTURE Version 1.3.0                  ****
****                    Copyright 2008-2015                     ****
****           David Alexander, Suyash Shringarpure,            ****
****                John  Novembre, Ken Lange                   ****
****                                                            ****
****                 Please cite our paper!                     ****
****   Information at www.genetics.ucla.edu/software/admixture  ****

Cross-validation will be performed.  Folds=5.
Parallel execution requested.  Will use 8 threads.
Random seed: 43
Point estimation method: Block relaxation algorithm
Convergence acceleration algorithm: QuasiNewton, 3 secant conditions
Point estimation will terminate when objective function delta < 0.0001
Estimation of standard errors disabled; will compute point estimates only.
Size of G: 638x26019
Performing five EM steps to prime main algorithm
1 (EM) 	Elapsed: 4.333	Loglikelihood: -1.38474e+07	(delta): 9.75175e+06
2 (EM) 	Elapsed: 4.061	Loglikelihood: -1.32674e+07	(delta): 579955
3 (EM) 	Elapsed: 3.084	Loglikelihood: -1.3177e+07	(delta): 90468.6
4 (EM) 	Elapsed: 3.127	Loglikelihood: -1.31303e+07	(delta): 46689.5
5 (EM) 	Elapsed: 3.068	Loglikelihood: -1.30952e+07	(delta): 35109.1
Initial loglikelihood: -1.30952e+07
Starting main algorithm
1 (QN/Block) 	Elapsed: 6.196	Loglikelihood: -1.28249e+07	(delta): 270225
2 (QN/Block) 	Elapsed: 6.115	Loglikelihood: -1.27247e+07	(delta): 100229
3 (QN/Block) 	Elapsed: 6.23	Loglikelihood: -1.26926e+07	(delta): 32168.4
4 (QN/Block) 	Elapsed: 6.33	Loglikelihood: -1.26736e+07	(delta): 18944.7
5 (QN/Block) 	Elapsed: 6.309	Loglikelihood: -1.26645e+07	(delta): 9084.5
6 (QN/Block) 	Elapsed: 6.204	Loglikelihood: -1.2659e+07	(delta): 5518.54
7 (QN/Block) 	Elapsed: 6.27	Loglikelihood: -1.26549e+07	(delta): 4149.81
8 (QN/Block) 	Elapsed: 6.228	Loglikelihood: -1.26525e+07	(delta): 2398.66
9 (QN/Block) 	Elapsed: 6.293	Loglikelihood: -1.26508e+07	(delta): 1676.56
10 (QN/Block) 	Elapsed: 6.4	Loglikelihood: -1.26498e+07	(delta): 1011.8
11 (QN/Block) 	Elapsed: 6.34	Loglikelihood: -1.26491e+07	(delta): 674.366
12 (QN/Block) 	Elapsed: 6.345	Loglikelihood: -1.26486e+07	(delta): 480.102
13 (QN/Block) 	Elapsed: 6.343	Loglikelihood: -1.26482e+07	(delta): 451.621
14 (QN/Block) 	Elapsed: 6.352	Loglikelihood: -1.26478e+07	(delta): 377.481
15 (QN/Block) 	Elapsed: 6.289	Loglikelihood: -1.26472e+07	(delta): 548.503
16 (QN/Block) 	Elapsed: 6.251	Loglikelihood: -1.26468e+07	(delta): 427.058
17 (QN/Block) 	Elapsed: 6.243	Loglikelihood: -1.26464e+07	(delta): 389.783
18 (QN/Block) 	Elapsed: 6.217	Loglikelihood: -1.26459e+07	(delta): 494.754
19 (QN/Block) 	Elapsed: 6.221	Loglikelihood: -1.26455e+07	(delta): 436.993
20 (QN/Block) 	Elapsed: 6.234	Loglikelihood: -1.26451e+07	(delta): 373.232
21 (QN/Block) 	Elapsed: 6.257	Loglikelihood: -1.26449e+07	(delta): 192.509
22 (QN/Block) 	Elapsed: 6.216	Loglikelihood: -1.26448e+07	(delta): 118.336
23 (QN/Block) 	Elapsed: 6.272	Loglikelihood: -1.26447e+07	(delta): 140.503
24 (QN/Block) 	Elapsed: 6.299	Loglikelihood: -1.26446e+07	(delta): 87.1385
25 (QN/Block) 	Elapsed: 6.263	Loglikelihood: -1.26445e+07	(delta): 74.8266
26 (QN/Block) 	Elapsed: 6.258	Loglikelihood: -1.26445e+07	(delta): 39.9503
27 (QN/Block) 	Elapsed: 6.274	Loglikelihood: -1.26443e+07	(delta): 136.289
28 (QN/Block) 	Elapsed: 6.275	Loglikelihood: -1.26443e+07	(delta): 57.4987
29 (QN/Block) 	Elapsed: 6.266	Loglikelihood: -1.26442e+07	(delta): 18.4251
30 (QN/Block) 	Elapsed: 6.255	Loglikelihood: -1.26442e+07	(delta): 29.1247
31 (QN/Block) 	Elapsed: 6.263	Loglikelihood: -1.26442e+07	(delta): 7.43949
32 (QN/Block) 	Elapsed: 6.255	Loglikelihood: -1.26442e+07	(delta): 3.32403
33 (QN/Block) 	Elapsed: 6.265	Loglikelihood: -1.26442e+07	(delta): 3.38911
34 (QN/Block) 	Elapsed: 6.275	Loglikelihood: -1.26442e+07	(delta): 1.47109
35 (QN/Block) 	Elapsed: 6.266	Loglikelihood: -1.26442e+07	(delta): 1.40801
36 (QN/Block) 	Elapsed: 6.265	Loglikelihood: -1.26442e+07	(delta): 0.591175
37 (QN/Block) 	Elapsed: 6.259	Loglikelihood: -1.26442e+07	(delta): 0.893096
38 (QN/Block) 	Elapsed: 6.278	Loglikelihood: -1.26442e+07	(delta): 0.296744
39 (QN/Block) 	Elapsed: 6.225	Loglikelihood: -1.26442e+07	(delta): 0.346712
40 (QN/Block) 	Elapsed: 6.141	Loglikelihood: -1.26442e+07	(delta): 0.0957998
41 (QN/Block) 	Elapsed: 6.164	Loglikelihood: -1.26442e+07	(delta): 0.14573
42 (QN/Block) 	Elapsed: 6.152	Loglikelihood: -1.26442e+07	(delta): 0.0198287
43 (QN/Block) 	Elapsed: 6.149	Loglikelihood: -1.26442e+07	(delta): 0.0305624
44 (QN/Block) 	Elapsed: 6.155	Loglikelihood: -1.26442e+07	(delta): 0.00203116
45 (QN/Block) 	Elapsed: 6.141	Loglikelihood: -1.26442e+07	(delta): 0.00345144
46 (QN/Block) 	Elapsed: 6.145	Loglikelihood: -1.26442e+07	(delta): 0.000323175
47 (QN/Block) 	Elapsed: 6.148	Loglikelihood: -1.26442e+07	(delta): 0.000600303
48 (QN/Block) 	Elapsed: 6.135	Loglikelihood: -1.26442e+07	(delta): 0.000100739
49 (QN/Block) 	Elapsed: 6.14	Loglikelihood: -1.26442e+07	(delta): 8.64752e-05
Summary: 
Converged in 49 iterations (325.399 sec)
Loglikelihood: -12644197.515039
Fst divergences between estimated populations: 
	Pop0	Pop1	Pop2	Pop3	Pop4	Pop5	Pop6	Pop7	Pop8	
Pop0	
Pop1	0.228	
Pop2	0.127	0.172	
Pop3	0.118	0.168	0.066	
Pop4	0.109	0.160	0.055	0.046	
Pop5	0.109	0.157	0.059	0.044	0.033	
Pop6	0.112	0.161	0.062	0.048	0.038	0.040	
Pop7	0.141	0.183	0.088	0.078	0.068	0.067	0.073	
Pop8	0.185	0.228	0.132	0.125	0.114	0.112	0.117	0.141	
Pop9	0.119	0.147	0.070	0.059	0.050	0.049	0.055	0.081	0.127	
CV error (K=10): 0.47580
Writing output files.
