

--cv /media/genyoda/Extra_Storage/Projets/MOBELS/Beluga_PopStructure_Global/./00_Data/03b_ddRAD_Bringloe/populations.26019snps.638ind.final.recode.bed 1 -j8


****                   ADMIXTURE Version 1.3.0                  ****
****                    Copyright 2008-2015                     ****
****           David Alexander, Suyash Shringarpure,            ****
****                John  Novembre, Ken Lange                   ****
****                                                            ****
****                 Please cite our paper!                     ****
****   Information at www.genetics.ucla.edu/software/admixture  ****

Cross-validation will be performed.  Folds=5.
Parallel execution requested.  Will use 8 threads.
Random seed: 43
Point estimation method: Block relaxation algorithm
Convergence acceleration algorithm: QuasiNewton, 3 secant conditions
Point estimation will terminate when objective function delta < 0.0001
Estimation of standard errors disabled; will compute point estimates only.
Size of G: 638x26019
Performing five EM steps to prime main algorithm
1 (EM) 	Elapsed: 0.39	Loglikelihood: -1.30077e+07	(delta): 1.95766e+07
2 (EM) 	Elapsed: 0.393	Loglikelihood: -1.30077e+07	(delta): -1.86265e-09
3 (EM) 	Elapsed: 0.403	Loglikelihood: -1.30077e+07	(delta): 1.86265e-09
4 (EM) 	Elapsed: 0.402	Loglikelihood: -1.30077e+07	(delta): -1.86265e-09
5 (EM) 	Elapsed: 0.397	Loglikelihood: -1.30077e+07	(delta): 0
Initial loglikelihood: -1.30077e+07
Starting main algorithm
1 (QN/Block) 	Elapsed: 1.487	Loglikelihood: -1.30077e+07	(delta): -1.86265e-09
2 (QN/Block) 	Elapsed: 1.466	Loglikelihood: -1.30077e+07	(delta): 0
Summary: 
Converged in 2 iterations (5.186 sec)
Loglikelihood: -13007684.478358
CV error (K=1): 0.46851
Writing output files.
