

--cv /media/genyoda/Extra_Storage/Projets/MOBELS/Beluga_PopStructure_Global/./00_Data/03b_ddRAD_Bringloe/populations.26019snps.638ind.final.recode.bed 4 -j8


****                   ADMIXTURE Version 1.3.0                  ****
****                    Copyright 2008-2015                     ****
****           David Alexander, Suyash Shringarpure,            ****
****                John  Novembre, Ken Lange                   ****
****                                                            ****
****                 Please cite our paper!                     ****
****   Information at www.genetics.ucla.edu/software/admixture  ****

Cross-validation will be performed.  Folds=5.
Parallel execution requested.  Will use 8 threads.
Random seed: 43
Point estimation method: Block relaxation algorithm
Convergence acceleration algorithm: QuasiNewton, 3 secant conditions
Point estimation will terminate when objective function delta < 0.0001
Estimation of standard errors disabled; will compute point estimates only.
Size of G: 638x26019
Performing five EM steps to prime main algorithm
1 (EM) 	Elapsed: 1.269	Loglikelihood: -1.38807e+07	(delta): 1.12891e+07
2 (EM) 	Elapsed: 1.269	Loglikelihood: -1.33247e+07	(delta): 555971
3 (EM) 	Elapsed: 1.273	Loglikelihood: -1.31981e+07	(delta): 126666
4 (EM) 	Elapsed: 1.268	Loglikelihood: -1.31302e+07	(delta): 67836.8
5 (EM) 	Elapsed: 1.267	Loglikelihood: -1.30857e+07	(delta): 44529.7
Initial loglikelihood: -1.30857e+07
Starting main algorithm
1 (QN/Block) 	Elapsed: 3.893	Loglikelihood: -1.29153e+07	(delta): 170387
2 (QN/Block) 	Elapsed: 3.901	Loglikelihood: -1.2828e+07	(delta): 87301.7
3 (QN/Block) 	Elapsed: 3.984	Loglikelihood: -1.28094e+07	(delta): 18612.4
4 (QN/Block) 	Elapsed: 4.006	Loglikelihood: -1.28062e+07	(delta): 3232.4
5 (QN/Block) 	Elapsed: 4.257	Loglikelihood: -1.28047e+07	(delta): 1426.7
6 (QN/Block) 	Elapsed: 4.295	Loglikelihood: -1.28038e+07	(delta): 885.43
7 (QN/Block) 	Elapsed: 4.308	Loglikelihood: -1.28032e+07	(delta): 635.262
8 (QN/Block) 	Elapsed: 4.291	Loglikelihood: -1.28028e+07	(delta): 441.365
9 (QN/Block) 	Elapsed: 4.28	Loglikelihood: -1.28024e+07	(delta): 360.77
10 (QN/Block) 	Elapsed: 4.292	Loglikelihood: -1.2802e+07	(delta): 383.292
11 (QN/Block) 	Elapsed: 4.589	Loglikelihood: -1.28017e+07	(delta): 318.446
12 (QN/Block) 	Elapsed: 4.58	Loglikelihood: -1.28014e+07	(delta): 263.728
13 (QN/Block) 	Elapsed: 4.588	Loglikelihood: -1.28012e+07	(delta): 211.178
14 (QN/Block) 	Elapsed: 4.577	Loglikelihood: -1.28011e+07	(delta): 79.4583
15 (QN/Block) 	Elapsed: 4.592	Loglikelihood: -1.28011e+07	(delta): 79.5054
16 (QN/Block) 	Elapsed: 4.572	Loglikelihood: -1.2801e+07	(delta): 47.699
17 (QN/Block) 	Elapsed: 4.589	Loglikelihood: -1.2801e+07	(delta): 49.4643
18 (QN/Block) 	Elapsed: 4.59	Loglikelihood: -1.28009e+07	(delta): 23.6936
19 (QN/Block) 	Elapsed: 4.582	Loglikelihood: -1.28009e+07	(delta): 26.9111
20 (QN/Block) 	Elapsed: 4.589	Loglikelihood: -1.28009e+07	(delta): 7.25096
21 (QN/Block) 	Elapsed: 4.582	Loglikelihood: -1.28009e+07	(delta): 18.9575
22 (QN/Block) 	Elapsed: 4.587	Loglikelihood: -1.28009e+07	(delta): 10.7172
23 (QN/Block) 	Elapsed: 4.586	Loglikelihood: -1.28009e+07	(delta): 5.56236
24 (QN/Block) 	Elapsed: 4.586	Loglikelihood: -1.28009e+07	(delta): 3.63444
25 (QN/Block) 	Elapsed: 4.579	Loglikelihood: -1.28009e+07	(delta): 4.89604
26 (QN/Block) 	Elapsed: 4.582	Loglikelihood: -1.28009e+07	(delta): 3.88903
27 (QN/Block) 	Elapsed: 4.586	Loglikelihood: -1.28009e+07	(delta): 4.37519
28 (QN/Block) 	Elapsed: 4.576	Loglikelihood: -1.28009e+07	(delta): 3.60859
29 (QN/Block) 	Elapsed: 4.578	Loglikelihood: -1.28009e+07	(delta): 6.24178
30 (QN/Block) 	Elapsed: 4.575	Loglikelihood: -1.28008e+07	(delta): 2.33568
31 (QN/Block) 	Elapsed: 4.58	Loglikelihood: -1.28008e+07	(delta): 1.88149
32 (QN/Block) 	Elapsed: 4.589	Loglikelihood: -1.28008e+07	(delta): 0.908463
33 (QN/Block) 	Elapsed: 4.597	Loglikelihood: -1.28008e+07	(delta): 3.34174
34 (QN/Block) 	Elapsed: 4.576	Loglikelihood: -1.28008e+07	(delta): 2.23757
35 (QN/Block) 	Elapsed: 4.622	Loglikelihood: -1.28008e+07	(delta): 1.69246
36 (QN/Block) 	Elapsed: 4.619	Loglikelihood: -1.28008e+07	(delta): 0.256431
37 (QN/Block) 	Elapsed: 4.623	Loglikelihood: -1.28008e+07	(delta): 1.50949
38 (QN/Block) 	Elapsed: 4.478	Loglikelihood: -1.28008e+07	(delta): 1.46297
39 (QN/Block) 	Elapsed: 4.512	Loglikelihood: -1.28008e+07	(delta): 0.797745
40 (QN/Block) 	Elapsed: 4.511	Loglikelihood: -1.28008e+07	(delta): 0.110946
41 (QN/Block) 	Elapsed: 4.508	Loglikelihood: -1.28008e+07	(delta): 0.229691
42 (QN/Block) 	Elapsed: 4.516	Loglikelihood: -1.28008e+07	(delta): 0.45878
43 (QN/Block) 	Elapsed: 4.588	Loglikelihood: -1.28008e+07	(delta): 0.399488
44 (QN/Block) 	Elapsed: 4.524	Loglikelihood: -1.28008e+07	(delta): 0.0719003
45 (QN/Block) 	Elapsed: 4.522	Loglikelihood: -1.28008e+07	(delta): 0.00346093
46 (QN/Block) 	Elapsed: 4.518	Loglikelihood: -1.28008e+07	(delta): 0.00187117
47 (QN/Block) 	Elapsed: 4.518	Loglikelihood: -1.28008e+07	(delta): 0.00719757
48 (QN/Block) 	Elapsed: 4.524	Loglikelihood: -1.28008e+07	(delta): 0.00424507
49 (QN/Block) 	Elapsed: 4.52	Loglikelihood: -1.28008e+07	(delta): 0.000285812
50 (QN/Block) 	Elapsed: 4.517	Loglikelihood: -1.28008e+07	(delta): 8.93585e-05
Summary: 
Converged in 50 iterations (231.758 sec)
Loglikelihood: -12800832.868148
Fst divergences between estimated populations: 
	Pop0	Pop1	Pop2	
Pop0	
Pop1	0.043	
Pop2	0.121	0.100	
Pop3	0.054	0.027	0.109	
CV error (K=4): 0.46370
Writing output files.
