

--cv /media/genyoda/Extra_Storage/Projets/MOBELS/Beluga_PopStructure_Global/./00_Data/03b_ddRAD_Bringloe/populations.26019snps.638ind.final.recode.bed 7 -j8


****                   ADMIXTURE Version 1.3.0                  ****
****                    Copyright 2008-2015                     ****
****           David Alexander, Suyash Shringarpure,            ****
****                John  Novembre, Ken Lange                   ****
****                                                            ****
****                 Please cite our paper!                     ****
****   Information at www.genetics.ucla.edu/software/admixture  ****

Cross-validation will be performed.  Folds=5.
Parallel execution requested.  Will use 8 threads.
Random seed: 43
Point estimation method: Block relaxation algorithm
Convergence acceleration algorithm: QuasiNewton, 3 secant conditions
Point estimation will terminate when objective function delta < 0.0001
Estimation of standard errors disabled; will compute point estimates only.
Size of G: 638x26019
Performing five EM steps to prime main algorithm
1 (EM) 	Elapsed: 2.573	Loglikelihood: -1.38853e+07	(delta): 1.01974e+07
2 (EM) 	Elapsed: 2.566	Loglikelihood: -1.33079e+07	(delta): 577423
3 (EM) 	Elapsed: 2.558	Loglikelihood: -1.32006e+07	(delta): 107272
4 (EM) 	Elapsed: 2.566	Loglikelihood: -1.31431e+07	(delta): 57521.4
5 (EM) 	Elapsed: 2.534	Loglikelihood: -1.31019e+07	(delta): 41204.1
Initial loglikelihood: -1.31019e+07
Starting main algorithm
1 (QN/Block) 	Elapsed: 5.013	Loglikelihood: -1.28738e+07	(delta): 228035
2 (QN/Block) 	Elapsed: 5.02	Loglikelihood: -1.27752e+07	(delta): 98654.7
3 (QN/Block) 	Elapsed: 5.118	Loglikelihood: -1.27521e+07	(delta): 23086.1
4 (QN/Block) 	Elapsed: 5.176	Loglikelihood: -1.27423e+07	(delta): 9810.06
5 (QN/Block) 	Elapsed: 5.143	Loglikelihood: -1.27366e+07	(delta): 5691.1
6 (QN/Block) 	Elapsed: 5.157	Loglikelihood: -1.27312e+07	(delta): 5439.07
7 (QN/Block) 	Elapsed: 5.168	Loglikelihood: -1.27274e+07	(delta): 3776.65
8 (QN/Block) 	Elapsed: 5.141	Loglikelihood: -1.27249e+07	(delta): 2440.82
9 (QN/Block) 	Elapsed: 5.108	Loglikelihood: -1.2723e+07	(delta): 1992.98
10 (QN/Block) 	Elapsed: 5.123	Loglikelihood: -1.27219e+07	(delta): 1087.03
11 (QN/Block) 	Elapsed: 5.094	Loglikelihood: -1.27211e+07	(delta): 746.396
12 (QN/Block) 	Elapsed: 5.091	Loglikelihood: -1.27205e+07	(delta): 646.27
13 (QN/Block) 	Elapsed: 5.094	Loglikelihood: -1.27197e+07	(delta): 730.063
14 (QN/Block) 	Elapsed: 5.136	Loglikelihood: -1.27195e+07	(delta): 257.939
15 (QN/Block) 	Elapsed: 5.111	Loglikelihood: -1.27193e+07	(delta): 196.203
16 (QN/Block) 	Elapsed: 5.176	Loglikelihood: -1.27191e+07	(delta): 212.882
17 (QN/Block) 	Elapsed: 5.185	Loglikelihood: -1.27188e+07	(delta): 263.991
18 (QN/Block) 	Elapsed: 5.168	Loglikelihood: -1.27186e+07	(delta): 162.926
19 (QN/Block) 	Elapsed: 5.199	Loglikelihood: -1.27184e+07	(delta): 243.347
20 (QN/Block) 	Elapsed: 5.187	Loglikelihood: -1.27183e+07	(delta): 61.6153
21 (QN/Block) 	Elapsed: 5.105	Loglikelihood: -1.27183e+07	(delta): 42.7768
22 (QN/Block) 	Elapsed: 5.081	Loglikelihood: -1.27182e+07	(delta): 74.4482
23 (QN/Block) 	Elapsed: 5.091	Loglikelihood: -1.27182e+07	(delta): 64.2382
24 (QN/Block) 	Elapsed: 5.085	Loglikelihood: -1.27181e+07	(delta): 17.7027
25 (QN/Block) 	Elapsed: 5.086	Loglikelihood: -1.27181e+07	(delta): 8.98272
26 (QN/Block) 	Elapsed: 5.086	Loglikelihood: -1.27181e+07	(delta): 4.44553
27 (QN/Block) 	Elapsed: 5.088	Loglikelihood: -1.27181e+07	(delta): 2.58515
28 (QN/Block) 	Elapsed: 5.082	Loglikelihood: -1.27181e+07	(delta): 6.1361
29 (QN/Block) 	Elapsed: 5.078	Loglikelihood: -1.27181e+07	(delta): 2.3841
30 (QN/Block) 	Elapsed: 5.084	Loglikelihood: -1.27181e+07	(delta): 3.05438
31 (QN/Block) 	Elapsed: 5.088	Loglikelihood: -1.27181e+07	(delta): 0.927114
32 (QN/Block) 	Elapsed: 5.079	Loglikelihood: -1.27181e+07	(delta): 1.32825
33 (QN/Block) 	Elapsed: 5.086	Loglikelihood: -1.27181e+07	(delta): 0.781937
34 (QN/Block) 	Elapsed: 5.081	Loglikelihood: -1.27181e+07	(delta): 2.86449
35 (QN/Block) 	Elapsed: 5.081	Loglikelihood: -1.27181e+07	(delta): 0.899933
36 (QN/Block) 	Elapsed: 5.08	Loglikelihood: -1.27181e+07	(delta): 1.01044
37 (QN/Block) 	Elapsed: 5.079	Loglikelihood: -1.27181e+07	(delta): 0.322493
38 (QN/Block) 	Elapsed: 5.085	Loglikelihood: -1.27181e+07	(delta): 0.197392
39 (QN/Block) 	Elapsed: 5.086	Loglikelihood: -1.27181e+07	(delta): 0.149994
40 (QN/Block) 	Elapsed: 5.082	Loglikelihood: -1.27181e+07	(delta): 0.188791
41 (QN/Block) 	Elapsed: 5.107	Loglikelihood: -1.27181e+07	(delta): 0.0855625
42 (QN/Block) 	Elapsed: 5.11	Loglikelihood: -1.27181e+07	(delta): 0.189931
43 (QN/Block) 	Elapsed: 5.1	Loglikelihood: -1.27181e+07	(delta): 0.0624006
44 (QN/Block) 	Elapsed: 5.116	Loglikelihood: -1.27181e+07	(delta): 0.0617913
45 (QN/Block) 	Elapsed: 5.096	Loglikelihood: -1.27181e+07	(delta): 0.01849
46 (QN/Block) 	Elapsed: 5.115	Loglikelihood: -1.27181e+07	(delta): 0.0540525
47 (QN/Block) 	Elapsed: 5.113	Loglikelihood: -1.27181e+07	(delta): 0.0578567
48 (QN/Block) 	Elapsed: 5.109	Loglikelihood: -1.27181e+07	(delta): 0.0427381
49 (QN/Block) 	Elapsed: 5.116	Loglikelihood: -1.27181e+07	(delta): 0.00762481
50 (QN/Block) 	Elapsed: 5.107	Loglikelihood: -1.27181e+07	(delta): 0.020959
51 (QN/Block) 	Elapsed: 5.107	Loglikelihood: -1.27181e+07	(delta): 0.0531214
52 (QN/Block) 	Elapsed: 5.109	Loglikelihood: -1.27181e+07	(delta): 0.0145451
53 (QN/Block) 	Elapsed: 5.114	Loglikelihood: -1.27181e+07	(delta): 0.00641454
54 (QN/Block) 	Elapsed: 5.105	Loglikelihood: -1.27181e+07	(delta): 0.0016789
55 (QN/Block) 	Elapsed: 5.11	Loglikelihood: -1.27181e+07	(delta): 0.00421056
56 (QN/Block) 	Elapsed: 5.103	Loglikelihood: -1.27181e+07	(delta): 0.0103901
57 (QN/Block) 	Elapsed: 5.107	Loglikelihood: -1.27181e+07	(delta): 0.00510314
58 (QN/Block) 	Elapsed: 5.111	Loglikelihood: -1.27181e+07	(delta): 0.000878321
59 (QN/Block) 	Elapsed: 5.084	Loglikelihood: -1.27181e+07	(delta): 0.000431495
60 (QN/Block) 	Elapsed: 5.088	Loglikelihood: -1.27181e+07	(delta): 0.00134611
61 (QN/Block) 	Elapsed: 5.08	Loglikelihood: -1.27181e+07	(delta): 0.00115249
62 (QN/Block) 	Elapsed: 5.089	Loglikelihood: -1.27181e+07	(delta): 0.000516322
63 (QN/Block) 	Elapsed: 5.116	Loglikelihood: -1.27181e+07	(delta): 0.000218654
64 (QN/Block) 	Elapsed: 5.184	Loglikelihood: -1.27181e+07	(delta): 0.000177123
65 (QN/Block) 	Elapsed: 5.301	Loglikelihood: -1.27181e+07	(delta): 0.000202196
66 (QN/Block) 	Elapsed: 5.265	Loglikelihood: -1.27181e+07	(delta): 0.000151571
67 (QN/Block) 	Elapsed: 5.198	Loglikelihood: -1.27181e+07	(delta): 0.000107842
68 (QN/Block) 	Elapsed: 5.26	Loglikelihood: -1.27181e+07	(delta): 0.00018621
69 (QN/Block) 	Elapsed: 5.22	Loglikelihood: -1.27181e+07	(delta): 0.000111531
70 (QN/Block) 	Elapsed: 5.218	Loglikelihood: -1.27181e+07	(delta): 3.84524e-05
Summary: 
Converged in 70 iterations (373.149 sec)
Loglikelihood: -12718108.124069
Fst divergences between estimated populations: 
	Pop0	Pop1	Pop2	Pop3	Pop4	Pop5	
Pop0	
Pop1	0.047	
Pop2	0.053	0.037	
Pop3	0.058	0.040	0.045	
Pop4	0.146	0.156	0.159	0.166	
Pop5	0.119	0.107	0.110	0.116	0.227	
Pop6	0.050	0.038	0.037	0.049	0.158	0.109	
CV error (K=7): 0.46803
Writing output files.
