

--cv /media/genyoda/Extra_Storage/Projets/MOBELS/Beluga_PopStructure_Global/./00_Data/03b_ddRAD_Bringloe/populations.26019snps.638ind.final.recode.bed 3 -j8


****                   ADMIXTURE Version 1.3.0                  ****
****                    Copyright 2008-2015                     ****
****           David Alexander, Suyash Shringarpure,            ****
****                John  Novembre, Ken Lange                   ****
****                                                            ****
****                 Please cite our paper!                     ****
****   Information at www.genetics.ucla.edu/software/admixture  ****

Cross-validation will be performed.  Folds=5.
Parallel execution requested.  Will use 8 threads.
Random seed: 43
Point estimation method: Block relaxation algorithm
Convergence acceleration algorithm: QuasiNewton, 3 secant conditions
Point estimation will terminate when objective function delta < 0.0001
Estimation of standard errors disabled; will compute point estimates only.
Size of G: 638x26019
Performing five EM steps to prime main algorithm
1 (EM) 	Elapsed: 1.836	Loglikelihood: -1.38341e+07	(delta): 1.22264e+07
2 (EM) 	Elapsed: 1.828	Loglikelihood: -1.3293e+07	(delta): 541085
3 (EM) 	Elapsed: 1.835	Loglikelihood: -1.31653e+07	(delta): 127731
4 (EM) 	Elapsed: 1.838	Loglikelihood: -1.31002e+07	(delta): 65104.2
5 (EM) 	Elapsed: 1.829	Loglikelihood: -1.30601e+07	(delta): 40109.8
Initial loglikelihood: -1.30601e+07
Starting main algorithm
1 (QN/Block) 	Elapsed: 3.311	Loglikelihood: -1.2957e+07	(delta): 103054
2 (QN/Block) 	Elapsed: 3.314	Loglikelihood: -1.2874e+07	(delta): 83058.2
3 (QN/Block) 	Elapsed: 3.398	Loglikelihood: -1.28581e+07	(delta): 15814.2
4 (QN/Block) 	Elapsed: 3.387	Loglikelihood: -1.28559e+07	(delta): 2282.38
5 (QN/Block) 	Elapsed: 3.359	Loglikelihood: -1.28548e+07	(delta): 1098.67
6 (QN/Block) 	Elapsed: 3.36	Loglikelihood: -1.28541e+07	(delta): 639.932
7 (QN/Block) 	Elapsed: 3.357	Loglikelihood: -1.28536e+07	(delta): 564.926
8 (QN/Block) 	Elapsed: 3.357	Loglikelihood: -1.28532e+07	(delta): 346.478
9 (QN/Block) 	Elapsed: 3.36	Loglikelihood: -1.28521e+07	(delta): 1137.47
10 (QN/Block) 	Elapsed: 3.355	Loglikelihood: -1.28515e+07	(delta): 570.66
11 (QN/Block) 	Elapsed: 3.369	Loglikelihood: -1.28512e+07	(delta): 321.753
12 (QN/Block) 	Elapsed: 3.352	Loglikelihood: -1.2851e+07	(delta): 139.987
13 (QN/Block) 	Elapsed: 3.352	Loglikelihood: -1.28507e+07	(delta): 376.05
14 (QN/Block) 	Elapsed: 3.347	Loglikelihood: -1.28505e+07	(delta): 164.488
15 (QN/Block) 	Elapsed: 3.354	Loglikelihood: -1.28504e+07	(delta): 110.379
16 (QN/Block) 	Elapsed: 3.347	Loglikelihood: -1.28503e+07	(delta): 63.4037
17 (QN/Block) 	Elapsed: 3.352	Loglikelihood: -1.28503e+07	(delta): 49.4896
18 (QN/Block) 	Elapsed: 3.346	Loglikelihood: -1.28502e+07	(delta): 56.5938
19 (QN/Block) 	Elapsed: 3.346	Loglikelihood: -1.28502e+07	(delta): 36.3895
20 (QN/Block) 	Elapsed: 3.355	Loglikelihood: -1.28502e+07	(delta): 16.1198
21 (QN/Block) 	Elapsed: 3.447	Loglikelihood: -1.28501e+07	(delta): 18.2849
22 (QN/Block) 	Elapsed: 3.679	Loglikelihood: -1.28501e+07	(delta): 17.2686
23 (QN/Block) 	Elapsed: 3.658	Loglikelihood: -1.28501e+07	(delta): 16.8859
24 (QN/Block) 	Elapsed: 3.658	Loglikelihood: -1.28501e+07	(delta): 10.7124
25 (QN/Block) 	Elapsed: 3.647	Loglikelihood: -1.28501e+07	(delta): 7.96762
26 (QN/Block) 	Elapsed: 3.647	Loglikelihood: -1.28501e+07	(delta): 8.69137
27 (QN/Block) 	Elapsed: 3.654	Loglikelihood: -1.28501e+07	(delta): 20.0044
28 (QN/Block) 	Elapsed: 3.647	Loglikelihood: -1.28501e+07	(delta): 11.7765
29 (QN/Block) 	Elapsed: 3.674	Loglikelihood: -1.28501e+07	(delta): 4.97365
30 (QN/Block) 	Elapsed: 3.679	Loglikelihood: -1.285e+07	(delta): 1.00465
31 (QN/Block) 	Elapsed: 3.681	Loglikelihood: -1.285e+07	(delta): 8.37686
32 (QN/Block) 	Elapsed: 3.677	Loglikelihood: -1.285e+07	(delta): 3.85263
33 (QN/Block) 	Elapsed: 3.666	Loglikelihood: -1.285e+07	(delta): 1.96447
34 (QN/Block) 	Elapsed: 3.669	Loglikelihood: -1.285e+07	(delta): 0.852639
35 (QN/Block) 	Elapsed: 3.684	Loglikelihood: -1.285e+07	(delta): 0.267289
36 (QN/Block) 	Elapsed: 3.666	Loglikelihood: -1.285e+07	(delta): 0.748209
37 (QN/Block) 	Elapsed: 3.668	Loglikelihood: -1.285e+07	(delta): 0.708422
38 (QN/Block) 	Elapsed: 3.668	Loglikelihood: -1.285e+07	(delta): 1.34861
39 (QN/Block) 	Elapsed: 3.68	Loglikelihood: -1.285e+07	(delta): 0.119651
40 (QN/Block) 	Elapsed: 3.68	Loglikelihood: -1.285e+07	(delta): 0.00590887
41 (QN/Block) 	Elapsed: 3.666	Loglikelihood: -1.285e+07	(delta): 0.00262093
42 (QN/Block) 	Elapsed: 3.679	Loglikelihood: -1.285e+07	(delta): 0.00834665
43 (QN/Block) 	Elapsed: 3.689	Loglikelihood: -1.285e+07	(delta): 0.00688707
44 (QN/Block) 	Elapsed: 3.682	Loglikelihood: -1.285e+07	(delta): 0.00299607
45 (QN/Block) 	Elapsed: 3.685	Loglikelihood: -1.285e+07	(delta): 0.00113134
46 (QN/Block) 	Elapsed: 3.686	Loglikelihood: -1.285e+07	(delta): 0.00428423
47 (QN/Block) 	Elapsed: 3.694	Loglikelihood: -1.285e+07	(delta): 0.00415053
48 (QN/Block) 	Elapsed: 3.691	Loglikelihood: -1.285e+07	(delta): 0.00264672
49 (QN/Block) 	Elapsed: 3.692	Loglikelihood: -1.285e+07	(delta): 0.000529487
50 (QN/Block) 	Elapsed: 3.688	Loglikelihood: -1.285e+07	(delta): 0.00208038
51 (QN/Block) 	Elapsed: 3.688	Loglikelihood: -1.285e+07	(delta): 0.00640893
52 (QN/Block) 	Elapsed: 3.743	Loglikelihood: -1.285e+07	(delta): 0.00131465
53 (QN/Block) 	Elapsed: 3.688	Loglikelihood: -1.285e+07	(delta): 0.000139007
54 (QN/Block) 	Elapsed: 3.687	Loglikelihood: -1.285e+07	(delta): 1.14311e-05
Summary: 
Converged in 54 iterations (202.236 sec)
Loglikelihood: -12850030.771239
Fst divergences between estimated populations: 
	Pop0	Pop1	
Pop0	
Pop1	0.121	
Pop2	0.043	0.101	
CV error (K=3): 0.46455
Writing output files.
