

--cv /media/genyoda/Extra_Storage/Projets/MOBELS/Beluga_PopStructure_Global/./00_Data/03b_ddRAD_Bringloe/populations.26019snps.41ind.jam.recode.bed 3 -j8


****                   ADMIXTURE Version 1.3.0                  ****
****                    Copyright 2008-2015                     ****
****           David Alexander, Suyash Shringarpure,            ****
****                John  Novembre, Ken Lange                   ****
****                                                            ****
****                 Please cite our paper!                     ****
****   Information at www.genetics.ucla.edu/software/admixture  ****

Cross-validation will be performed.  Folds=5.
Parallel execution requested.  Will use 8 threads.
Random seed: 43
Point estimation method: Block relaxation algorithm
Convergence acceleration algorithm: QuasiNewton, 3 secant conditions
Point estimation will terminate when objective function delta < 0.0001
Estimation of standard errors disabled; will compute point estimates only.
Size of G: 41x26019
Performing five EM steps to prime main algorithm
1 (EM) 	Elapsed: 0.066	Loglikelihood: -834441	(delta): 840075
2 (EM) 	Elapsed: 0.048	Loglikelihood: -800197	(delta): 34244.4
3 (EM) 	Elapsed: 0.047	Loglikelihood: -790448	(delta): 9748.53
4 (EM) 	Elapsed: 0.049	Loglikelihood: -784915	(delta): 5533.44
5 (EM) 	Elapsed: 0.047	Loglikelihood: -781214	(delta): 3700.81
Initial loglikelihood: -781214
Starting main algorithm
1 (QN/Block) 	Elapsed: 0.221	Loglikelihood: -769023	(delta): 12190.4
2 (QN/Block) 	Elapsed: 0.25	Loglikelihood: -764595	(delta): 4428.76
3 (QN/Block) 	Elapsed: 0.286	Loglikelihood: -760335	(delta): 4259.36
4 (QN/Block) 	Elapsed: 0.253	Loglikelihood: -756597	(delta): 3737.89
5 (QN/Block) 	Elapsed: 0.242	Loglikelihood: -754316	(delta): 2281.56
6 (QN/Block) 	Elapsed: 0.239	Loglikelihood: -753671	(delta): 644.798
7 (QN/Block) 	Elapsed: 0.247	Loglikelihood: -753425	(delta): 246.42
8 (QN/Block) 	Elapsed: 0.246	Loglikelihood: -753329	(delta): 95.9897
9 (QN/Block) 	Elapsed: 0.237	Loglikelihood: -753254	(delta): 74.7965
10 (QN/Block) 	Elapsed: 0.237	Loglikelihood: -753096	(delta): 158.061
11 (QN/Block) 	Elapsed: 0.242	Loglikelihood: -752909	(delta): 186.972
12 (QN/Block) 	Elapsed: 0.26	Loglikelihood: -752728	(delta): 180.595
13 (QN/Block) 	Elapsed: 0.26	Loglikelihood: -752363	(delta): 365.607
14 (QN/Block) 	Elapsed: 0.246	Loglikelihood: -751341	(delta): 1021.73
15 (QN/Block) 	Elapsed: 0.25	Loglikelihood: -749256	(delta): 2084.99
16 (QN/Block) 	Elapsed: 0.258	Loglikelihood: -748151	(delta): 1105.22
17 (QN/Block) 	Elapsed: 0.255	Loglikelihood: -747869	(delta): 281.754
18 (QN/Block) 	Elapsed: 0.253	Loglikelihood: -747805	(delta): 64.2922
19 (QN/Block) 	Elapsed: 0.266	Loglikelihood: -747750	(delta): 54.4687
20 (QN/Block) 	Elapsed: 0.268	Loglikelihood: -747700	(delta): 50.1116
21 (QN/Block) 	Elapsed: 0.262	Loglikelihood: -747683	(delta): 16.5533
22 (QN/Block) 	Elapsed: 0.26	Loglikelihood: -747674	(delta): 9.13893
23 (QN/Block) 	Elapsed: 0.26	Loglikelihood: -747668	(delta): 6.34545
24 (QN/Block) 	Elapsed: 0.265	Loglikelihood: -747665	(delta): 3.42504
25 (QN/Block) 	Elapsed: 0.27	Loglikelihood: -747660	(delta): 4.50157
26 (QN/Block) 	Elapsed: 0.26	Loglikelihood: -747655	(delta): 5.29406
27 (QN/Block) 	Elapsed: 0.271	Loglikelihood: -747651	(delta): 3.35159
28 (QN/Block) 	Elapsed: 0.273	Loglikelihood: -747651	(delta): 0.373675
29 (QN/Block) 	Elapsed: 0.266	Loglikelihood: -747651	(delta): 0.0490507
30 (QN/Block) 	Elapsed: 0.272	Loglikelihood: -747651	(delta): 0.00562132
31 (QN/Block) 	Elapsed: 0.257	Loglikelihood: -747651	(delta): 0.000470064
32 (QN/Block) 	Elapsed: 0.268	Loglikelihood: -747651	(delta): 3.72059e-05
Summary: 
Converged in 32 iterations (8.593 sec)
Loglikelihood: -747650.973934
Fst divergences between estimated populations: 
	Pop0	Pop1	
Pop0	
Pop1	0.050	
Pop2	0.154	0.150	
CV error (K=3): 0.58315
Writing output files.
