

--cv /media/genyoda/Extra_Storage/Projets/MOBELS/Beluga_PopStructure_Global/./00_Data/03b_ddRAD_Bringloe/populations.26019snps.41ind.jam.recode.bed 2 -j8


****                   ADMIXTURE Version 1.3.0                  ****
****                    Copyright 2008-2015                     ****
****           David Alexander, Suyash Shringarpure,            ****
****                John  Novembre, Ken Lange                   ****
****                                                            ****
****                 Please cite our paper!                     ****
****   Information at www.genetics.ucla.edu/software/admixture  ****

Cross-validation will be performed.  Folds=5.
Parallel execution requested.  Will use 8 threads.
Random seed: 43
Point estimation method: Block relaxation algorithm
Convergence acceleration algorithm: QuasiNewton, 3 secant conditions
Point estimation will terminate when objective function delta < 0.0001
Estimation of standard errors disabled; will compute point estimates only.
Size of G: 41x26019
Performing five EM steps to prime main algorithm
1 (EM) 	Elapsed: 0.055	Loglikelihood: -825738	(delta): 979787
2 (EM) 	Elapsed: 0.036	Loglikelihood: -796291	(delta): 29446.8
3 (EM) 	Elapsed: 0.037	Loglikelihood: -788568	(delta): 7722.94
4 (EM) 	Elapsed: 0.038	Loglikelihood: -784888	(delta): 3680.62
5 (EM) 	Elapsed: 0.039	Loglikelihood: -783020	(delta): 1867.71
Initial loglikelihood: -783020
Starting main algorithm
1 (QN/Block) 	Elapsed: 0.174	Loglikelihood: -779799	(delta): 3220.84
2 (QN/Block) 	Elapsed: 0.193	Loglikelihood: -778285	(delta): 1514.34
3 (QN/Block) 	Elapsed: 0.209	Loglikelihood: -776041	(delta): 2243.65
4 (QN/Block) 	Elapsed: 0.209	Loglikelihood: -774843	(delta): 1198.35
5 (QN/Block) 	Elapsed: 0.202	Loglikelihood: -773821	(delta): 1021.56
6 (QN/Block) 	Elapsed: 0.199	Loglikelihood: -773641	(delta): 180.141
7 (QN/Block) 	Elapsed: 0.206	Loglikelihood: -773575	(delta): 66.2193
8 (QN/Block) 	Elapsed: 0.199	Loglikelihood: -773534	(delta): 40.6545
9 (QN/Block) 	Elapsed: 0.197	Loglikelihood: -773511	(delta): 23.6766
10 (QN/Block) 	Elapsed: 0.213	Loglikelihood: -773505	(delta): 6.03505
11 (QN/Block) 	Elapsed: 0.196	Loglikelihood: -773503	(delta): 2.06934
12 (QN/Block) 	Elapsed: 0.213	Loglikelihood: -773500	(delta): 2.87012
13 (QN/Block) 	Elapsed: 0.208	Loglikelihood: -773498	(delta): 2.13614
14 (QN/Block) 	Elapsed: 0.197	Loglikelihood: -773497	(delta): 0.90388
15 (QN/Block) 	Elapsed: 0.206	Loglikelihood: -773496	(delta): 0.999619
16 (QN/Block) 	Elapsed: 0.217	Loglikelihood: -773494	(delta): 1.36426
17 (QN/Block) 	Elapsed: 0.218	Loglikelihood: -773493	(delta): 1.4649
18 (QN/Block) 	Elapsed: 0.195	Loglikelihood: -773493	(delta): 0.262084
19 (QN/Block) 	Elapsed: 0.205	Loglikelihood: -773492	(delta): 0.282814
20 (QN/Block) 	Elapsed: 0.216	Loglikelihood: -773492	(delta): 0.0213836
21 (QN/Block) 	Elapsed: 0.19	Loglikelihood: -773492	(delta): 0.00421983
22 (QN/Block) 	Elapsed: 0.19	Loglikelihood: -773492	(delta): 0.000229126
23 (QN/Block) 	Elapsed: 0.19	Loglikelihood: -773492	(delta): 1.18733e-05
Summary: 
Converged in 23 iterations (4.94 sec)
Loglikelihood: -773492.275641
Fst divergences between estimated populations: 
	Pop0	
Pop0	
Pop1	0.046	
CV error (K=2): 0.52684
Writing output files.
