

--cv /media/genyoda/Extra_Storage/Projets/MOBELS/Beluga_PopStructure_Global/./00_Data/03b_ddRAD_Bringloe/populations.26019snps.41ind.jam.recode.bed 4 -j8


****                   ADMIXTURE Version 1.3.0                  ****
****                    Copyright 2008-2015                     ****
****           David Alexander, Suyash Shringarpure,            ****
****                John  Novembre, Ken Lange                   ****
****                                                            ****
****                 Please cite our paper!                     ****
****   Information at www.genetics.ucla.edu/software/admixture  ****

Cross-validation will be performed.  Folds=5.
Parallel execution requested.  Will use 8 threads.
Random seed: 43
Point estimation method: Block relaxation algorithm
Convergence acceleration algorithm: QuasiNewton, 3 secant conditions
Point estimation will terminate when objective function delta < 0.0001
Estimation of standard errors disabled; will compute point estimates only.
Size of G: 41x26019
Performing five EM steps to prime main algorithm
1 (EM) 	Elapsed: 0.082	Loglikelihood: -834670	(delta): 794178
2 (EM) 	Elapsed: 0.06	Loglikelihood: -796821	(delta): 37848.6
3 (EM) 	Elapsed: 0.059	Loglikelihood: -785200	(delta): 11621.1
4 (EM) 	Elapsed: 0.058	Loglikelihood: -778324	(delta): 6875.79
5 (EM) 	Elapsed: 0.06	Loglikelihood: -773666	(delta): 4658.48
Initial loglikelihood: -773666
Starting main algorithm
1 (QN/Block) 	Elapsed: 0.288	Loglikelihood: -756306	(delta): 17360.2
2 (QN/Block) 	Elapsed: 0.288	Loglikelihood: -751707	(delta): 4598.21
3 (QN/Block) 	Elapsed: 0.306	Loglikelihood: -748341	(delta): 3366.34
4 (QN/Block) 	Elapsed: 0.297	Loglikelihood: -744672	(delta): 3669.1
5 (QN/Block) 	Elapsed: 0.306	Loglikelihood: -739687	(delta): 4985.15
6 (QN/Block) 	Elapsed: 0.295	Loglikelihood: -736654	(delta): 3032.9
7 (QN/Block) 	Elapsed: 0.294	Loglikelihood: -735551	(delta): 1103.15
8 (QN/Block) 	Elapsed: 0.308	Loglikelihood: -735000	(delta): 550.515
9 (QN/Block) 	Elapsed: 0.309	Loglikelihood: -734627	(delta): 373.606
10 (QN/Block) 	Elapsed: 0.307	Loglikelihood: -734453	(delta): 173.392
11 (QN/Block) 	Elapsed: 0.318	Loglikelihood: -734333	(delta): 119.85
12 (QN/Block) 	Elapsed: 0.312	Loglikelihood: -734269	(delta): 64.5478
13 (QN/Block) 	Elapsed: 0.322	Loglikelihood: -734096	(delta): 172.726
14 (QN/Block) 	Elapsed: 0.317	Loglikelihood: -733979	(delta): 116.829
15 (QN/Block) 	Elapsed: 0.332	Loglikelihood: -733937	(delta): 42.2423
16 (QN/Block) 	Elapsed: 0.311	Loglikelihood: -733906	(delta): 30.682
17 (QN/Block) 	Elapsed: 0.302	Loglikelihood: -733834	(delta): 72.5084
18 (QN/Block) 	Elapsed: 0.3	Loglikelihood: -733815	(delta): 19.0508
19 (QN/Block) 	Elapsed: 0.305	Loglikelihood: -733800	(delta): 14.6815
20 (QN/Block) 	Elapsed: 0.313	Loglikelihood: -733784	(delta): 16.0995
21 (QN/Block) 	Elapsed: 0.307	Loglikelihood: -733770	(delta): 14.2939
22 (QN/Block) 	Elapsed: 0.303	Loglikelihood: -733763	(delta): 7.21094
23 (QN/Block) 	Elapsed: 0.309	Loglikelihood: -733758	(delta): 4.60028
24 (QN/Block) 	Elapsed: 0.29	Loglikelihood: -733757	(delta): 0.508409
25 (QN/Block) 	Elapsed: 0.307	Loglikelihood: -733757	(delta): 0.237635
26 (QN/Block) 	Elapsed: 0.293	Loglikelihood: -733757	(delta): 0.441325
27 (QN/Block) 	Elapsed: 0.299	Loglikelihood: -733756	(delta): 0.293763
28 (QN/Block) 	Elapsed: 0.301	Loglikelihood: -733756	(delta): 0.390664
29 (QN/Block) 	Elapsed: 0.31	Loglikelihood: -733755	(delta): 0.579813
30 (QN/Block) 	Elapsed: 0.315	Loglikelihood: -733755	(delta): 0.88267
31 (QN/Block) 	Elapsed: 0.301	Loglikelihood: -733754	(delta): 0.981114
32 (QN/Block) 	Elapsed: 0.302	Loglikelihood: -733753	(delta): 0.180524
33 (QN/Block) 	Elapsed: 0.305	Loglikelihood: -733753	(delta): 0.0844696
34 (QN/Block) 	Elapsed: 0.292	Loglikelihood: -733753	(delta): 0.00634672
35 (QN/Block) 	Elapsed: 0.297	Loglikelihood: -733753	(delta): 0.000764235
36 (QN/Block) 	Elapsed: 0.292	Loglikelihood: -733753	(delta): 0.0012819
37 (QN/Block) 	Elapsed: 0.293	Loglikelihood: -733753	(delta): 0.000225308
38 (QN/Block) 	Elapsed: 0.291	Loglikelihood: -733753	(delta): 0.000105531
39 (QN/Block) 	Elapsed: 0.289	Loglikelihood: -733753	(delta): 2.12571e-05
Summary: 
Converged in 39 iterations (12.32 sec)
Loglikelihood: -733753.332967
Fst divergences between estimated populations: 
	Pop0	Pop1	Pop2	
Pop0	
Pop1	0.151	
Pop2	0.164	0.061	
Pop3	0.175	0.074	0.078	
CV error (K=4): 0.68291
Writing output files.
