

--cv /media/genyoda/Extra_Storage/Projets/MOBELS/Beluga_PopStructure_Global/./00_Data/03b_ddRAD_Bringloe/populations.26019snps.497ind.pan.recode.bed 4 -j8


****                   ADMIXTURE Version 1.3.0                  ****
****                    Copyright 2008-2015                     ****
****           David Alexander, Suyash Shringarpure,            ****
****                John  Novembre, Ken Lange                   ****
****                                                            ****
****                 Please cite our paper!                     ****
****   Information at www.genetics.ucla.edu/software/admixture  ****

Cross-validation will be performed.  Folds=5.
Parallel execution requested.  Will use 8 threads.
Random seed: 43
Point estimation method: Block relaxation algorithm
Convergence acceleration algorithm: QuasiNewton, 3 secant conditions
Point estimation will terminate when objective function delta < 0.0001
Estimation of standard errors disabled; will compute point estimates only.
Size of G: 497x26019
Performing five EM steps to prime main algorithm
1 (EM) 	Elapsed: 2.038	Loglikelihood: -1.08283e+07	(delta): 8.76244e+06
2 (EM) 	Elapsed: 1.853	Loglikelihood: -1.03943e+07	(delta): 433956
3 (EM) 	Elapsed: 1.862	Loglikelihood: -1.02946e+07	(delta): 99716.1
4 (EM) 	Elapsed: 1.851	Loglikelihood: -1.02415e+07	(delta): 53078.3
5 (EM) 	Elapsed: 1.87	Loglikelihood: -1.02067e+07	(delta): 34838
Initial loglikelihood: -1.02067e+07
Starting main algorithm
1 (QN/Block) 	Elapsed: 3.702	Loglikelihood: -1.01061e+07	(delta): 100592
2 (QN/Block) 	Elapsed: 3.7	Loglikelihood: -1.0098e+07	(delta): 8054.83
3 (QN/Block) 	Elapsed: 3.784	Loglikelihood: -1.0091e+07	(delta): 7065.02
4 (QN/Block) 	Elapsed: 3.786	Loglikelihood: -1.00851e+07	(delta): 5887.78
5 (QN/Block) 	Elapsed: 3.775	Loglikelihood: -1.00815e+07	(delta): 3530.58
6 (QN/Block) 	Elapsed: 3.766	Loglikelihood: -1.0079e+07	(delta): 2548.06
7 (QN/Block) 	Elapsed: 3.737	Loglikelihood: -1.00776e+07	(delta): 1409.34
8 (QN/Block) 	Elapsed: 3.778	Loglikelihood: -1.00762e+07	(delta): 1395
9 (QN/Block) 	Elapsed: 3.763	Loglikelihood: -1.00755e+07	(delta): 694.946
10 (QN/Block) 	Elapsed: 3.201	Loglikelihood: -1.0075e+07	(delta): 542.193
11 (QN/Block) 	Elapsed: 3.097	Loglikelihood: -1.00747e+07	(delta): 296.859
12 (QN/Block) 	Elapsed: 3.082	Loglikelihood: -1.00744e+07	(delta): 304.693
13 (QN/Block) 	Elapsed: 3.083	Loglikelihood: -1.00742e+07	(delta): 161.227
14 (QN/Block) 	Elapsed: 3.059	Loglikelihood: -1.00738e+07	(delta): 412.594
15 (QN/Block) 	Elapsed: 3.105	Loglikelihood: -1.00735e+07	(delta): 262.492
16 (QN/Block) 	Elapsed: 3.097	Loglikelihood: -1.00733e+07	(delta): 169.383
17 (QN/Block) 	Elapsed: 3.128	Loglikelihood: -1.00731e+07	(delta): 223.835
18 (QN/Block) 	Elapsed: 3.122	Loglikelihood: -1.0073e+07	(delta): 162.722
19 (QN/Block) 	Elapsed: 3.123	Loglikelihood: -1.00727e+07	(delta): 215.711
20 (QN/Block) 	Elapsed: 3.137	Loglikelihood: -1.00726e+07	(delta): 159.798
21 (QN/Block) 	Elapsed: 3.105	Loglikelihood: -1.00724e+07	(delta): 180.228
22 (QN/Block) 	Elapsed: 3.171	Loglikelihood: -1.00723e+07	(delta): 127.051
23 (QN/Block) 	Elapsed: 3.145	Loglikelihood: -1.00722e+07	(delta): 119.733
24 (QN/Block) 	Elapsed: 3.149	Loglikelihood: -1.0072e+07	(delta): 108.248
25 (QN/Block) 	Elapsed: 3.115	Loglikelihood: -1.0072e+07	(delta): 89.4178
26 (QN/Block) 	Elapsed: 3.123	Loglikelihood: -1.00719e+07	(delta): 81.7401
27 (QN/Block) 	Elapsed: 3.124	Loglikelihood: -1.00718e+07	(delta): 58.8299
28 (QN/Block) 	Elapsed: 3.117	Loglikelihood: -1.00718e+07	(delta): 47.2085
29 (QN/Block) 	Elapsed: 3.117	Loglikelihood: -1.00717e+07	(delta): 31.4892
30 (QN/Block) 	Elapsed: 3.118	Loglikelihood: -1.00717e+07	(delta): 21.3879
31 (QN/Block) 	Elapsed: 3.1	Loglikelihood: -1.00717e+07	(delta): 36.0677
32 (QN/Block) 	Elapsed: 3.107	Loglikelihood: -1.00717e+07	(delta): 19.4835
33 (QN/Block) 	Elapsed: 3.09	Loglikelihood: -1.00716e+07	(delta): 18.0522
34 (QN/Block) 	Elapsed: 3.116	Loglikelihood: -1.00716e+07	(delta): 16.5899
35 (QN/Block) 	Elapsed: 3.117	Loglikelihood: -1.00716e+07	(delta): 15.3775
36 (QN/Block) 	Elapsed: 3.123	Loglikelihood: -1.00716e+07	(delta): 11.2626
37 (QN/Block) 	Elapsed: 3.12	Loglikelihood: -1.00716e+07	(delta): 12.181
38 (QN/Block) 	Elapsed: 3.128	Loglikelihood: -1.00716e+07	(delta): 11.6534
39 (QN/Block) 	Elapsed: 3.12	Loglikelihood: -1.00716e+07	(delta): 11.1047
40 (QN/Block) 	Elapsed: 3.123	Loglikelihood: -1.00716e+07	(delta): 4.26668
41 (QN/Block) 	Elapsed: 3.116	Loglikelihood: -1.00715e+07	(delta): 27.5694
42 (QN/Block) 	Elapsed: 3.122	Loglikelihood: -1.00715e+07	(delta): 8.2042
43 (QN/Block) 	Elapsed: 3.122	Loglikelihood: -1.00715e+07	(delta): 4.28755
44 (QN/Block) 	Elapsed: 3.122	Loglikelihood: -1.00715e+07	(delta): 1.04304
45 (QN/Block) 	Elapsed: 3.114	Loglikelihood: -1.00715e+07	(delta): 2.76755
46 (QN/Block) 	Elapsed: 3.119	Loglikelihood: -1.00715e+07	(delta): 2.60837
47 (QN/Block) 	Elapsed: 3.115	Loglikelihood: -1.00715e+07	(delta): 1.4523
48 (QN/Block) 	Elapsed: 3.097	Loglikelihood: -1.00715e+07	(delta): 0.514254
49 (QN/Block) 	Elapsed: 3.096	Loglikelihood: -1.00715e+07	(delta): 1.3259
50 (QN/Block) 	Elapsed: 3.109	Loglikelihood: -1.00715e+07	(delta): 0.980334
51 (QN/Block) 	Elapsed: 3.09	Loglikelihood: -1.00715e+07	(delta): 0.614856
52 (QN/Block) 	Elapsed: 3.106	Loglikelihood: -1.00715e+07	(delta): 0.276055
53 (QN/Block) 	Elapsed: 3.095	Loglikelihood: -1.00715e+07	(delta): 1.03003
54 (QN/Block) 	Elapsed: 3.099	Loglikelihood: -1.00715e+07	(delta): 1.01858
55 (QN/Block) 	Elapsed: 3.09	Loglikelihood: -1.00715e+07	(delta): 0.436914
56 (QN/Block) 	Elapsed: 3.109	Loglikelihood: -1.00715e+07	(delta): 0.0803308
57 (QN/Block) 	Elapsed: 3.088	Loglikelihood: -1.00715e+07	(delta): 0.0776155
58 (QN/Block) 	Elapsed: 3.089	Loglikelihood: -1.00715e+07	(delta): 0.0967678
59 (QN/Block) 	Elapsed: 3.111	Loglikelihood: -1.00715e+07	(delta): 0.0588801
60 (QN/Block) 	Elapsed: 3.088	Loglikelihood: -1.00715e+07	(delta): 0.13046
61 (QN/Block) 	Elapsed: 3.095	Loglikelihood: -1.00715e+07	(delta): 0.0496955
62 (QN/Block) 	Elapsed: 3.102	Loglikelihood: -1.00715e+07	(delta): 0.0455968
63 (QN/Block) 	Elapsed: 3.1	Loglikelihood: -1.00715e+07	(delta): 0.0059826
64 (QN/Block) 	Elapsed: 3.096	Loglikelihood: -1.00715e+07	(delta): 0.0204015
65 (QN/Block) 	Elapsed: 3.094	Loglikelihood: -1.00715e+07	(delta): 0.00748071
66 (QN/Block) 	Elapsed: 3.09	Loglikelihood: -1.00715e+07	(delta): 0.0339132
67 (QN/Block) 	Elapsed: 3.102	Loglikelihood: -1.00715e+07	(delta): 0.00193312
68 (QN/Block) 	Elapsed: 3.083	Loglikelihood: -1.00715e+07	(delta): 0.00142199
69 (QN/Block) 	Elapsed: 3.09	Loglikelihood: -1.00715e+07	(delta): 0.000362104
70 (QN/Block) 	Elapsed: 3.1	Loglikelihood: -1.00715e+07	(delta): 0.000499301
71 (QN/Block) 	Elapsed: 3.093	Loglikelihood: -1.00715e+07	(delta): 0.000471136
72 (QN/Block) 	Elapsed: 3.108	Loglikelihood: -1.00715e+07	(delta): 0.000410179
73 (QN/Block) 	Elapsed: 3.086	Loglikelihood: -1.00715e+07	(delta): 5.20032e-05
Summary: 
Converged in 73 iterations (243.61 sec)
Loglikelihood: -10071508.871989
Fst divergences between estimated populations: 
	Pop0	Pop1	Pop2	
Pop0	
Pop1	0.090	
Pop2	0.110	0.053	
Pop3	0.088	0.025	0.054	
CV error (K=4): 0.47395
Writing output files.
