

--cv /media/genyoda/Extra_Storage/Projets/MOBELS/Beluga_PopStructure_Global/./00_Data/03b_ddRAD_Bringloe/populations.26019snps.497ind.pan.recode.bed 1 -j8


****                   ADMIXTURE Version 1.3.0                  ****
****                    Copyright 2008-2015                     ****
****           David Alexander, Suyash Shringarpure,            ****
****                John  Novembre, Ken Lange                   ****
****                                                            ****
****                 Please cite our paper!                     ****
****   Information at www.genetics.ucla.edu/software/admixture  ****

Cross-validation will be performed.  Folds=5.
Parallel execution requested.  Will use 8 threads.
Random seed: 43
Point estimation method: Block relaxation algorithm
Convergence acceleration algorithm: QuasiNewton, 3 secant conditions
Point estimation will terminate when objective function delta < 0.0001
Estimation of standard errors disabled; will compute point estimates only.
Size of G: 497x26019
Performing five EM steps to prime main algorithm
1 (EM) 	Elapsed: 1.3	Loglikelihood: -1.0152e+07	(delta): 1.52457e+07
2 (EM) 	Elapsed: 0.728	Loglikelihood: -1.0152e+07	(delta): 0
3 (EM) 	Elapsed: 0.732	Loglikelihood: -1.0152e+07	(delta): 0
4 (EM) 	Elapsed: 0.731	Loglikelihood: -1.0152e+07	(delta): 0
5 (EM) 	Elapsed: 0.564	Loglikelihood: -1.0152e+07	(delta): 0
Initial loglikelihood: -1.0152e+07
Starting main algorithm
1 (QN/Block) 	Elapsed: 0.982	Loglikelihood: -1.0152e+07	(delta): 0
Summary: 
Converged in 1 iterations (5.252 sec)
Loglikelihood: -10152001.703287
CV error (K=1): 0.46507
Writing output files.
