

--cv /media/genyoda/Extra_Storage/Projets/MOBELS/Beluga_PopStructure_Global/./00_Data/03b_ddRAD_Bringloe/populations.26019snps.497ind.pan.recode.bed 2 -j8


****                   ADMIXTURE Version 1.3.0                  ****
****                    Copyright 2008-2015                     ****
****           David Alexander, Suyash Shringarpure,            ****
****                John  Novembre, Ken Lange                   ****
****                                                            ****
****                 Please cite our paper!                     ****
****   Information at www.genetics.ucla.edu/software/admixture  ****

Cross-validation will be performed.  Folds=5.
Parallel execution requested.  Will use 8 threads.
Random seed: 43
Point estimation method: Block relaxation algorithm
Convergence acceleration algorithm: QuasiNewton, 3 secant conditions
Point estimation will terminate when objective function delta < 0.0001
Estimation of standard errors disabled; will compute point estimates only.
Size of G: 497x26019
Performing five EM steps to prime main algorithm
1 (EM) 	Elapsed: 0.618	Loglikelihood: -1.06438e+07	(delta): 1.10358e+07
2 (EM) 	Elapsed: 0.615	Loglikelihood: -1.0291e+07	(delta): 352793
3 (EM) 	Elapsed: 0.617	Loglikelihood: -1.02124e+07	(delta): 78618.5
4 (EM) 	Elapsed: 0.617	Loglikelihood: -1.01754e+07	(delta): 36989.9
5 (EM) 	Elapsed: 0.616	Loglikelihood: -1.01568e+07	(delta): 18588.5
Initial loglikelihood: -1.01568e+07
Starting main algorithm
1 (QN/Block) 	Elapsed: 1.911	Loglikelihood: -1.01369e+07	(delta): 19852.7
2 (QN/Block) 	Elapsed: 1.917	Loglikelihood: -1.01332e+07	(delta): 3731.18
3 (QN/Block) 	Elapsed: 1.989	Loglikelihood: -1.01291e+07	(delta): 4090.52
4 (QN/Block) 	Elapsed: 1.984	Loglikelihood: -1.0126e+07	(delta): 3082.94
5 (QN/Block) 	Elapsed: 1.944	Loglikelihood: -1.01246e+07	(delta): 1413.85
6 (QN/Block) 	Elapsed: 1.952	Loglikelihood: -1.01239e+07	(delta): 719.095
7 (QN/Block) 	Elapsed: 1.956	Loglikelihood: -1.01237e+07	(delta): 147.622
8 (QN/Block) 	Elapsed: 1.947	Loglikelihood: -1.01237e+07	(delta): 38.0828
9 (QN/Block) 	Elapsed: 1.946	Loglikelihood: -1.01237e+07	(delta): 12.1932
10 (QN/Block) 	Elapsed: 1.95	Loglikelihood: -1.01237e+07	(delta): 4.88296
11 (QN/Block) 	Elapsed: 1.942	Loglikelihood: -1.01237e+07	(delta): 1.0252
12 (QN/Block) 	Elapsed: 1.956	Loglikelihood: -1.01237e+07	(delta): 1.36594
13 (QN/Block) 	Elapsed: 1.947	Loglikelihood: -1.01237e+07	(delta): 0.748475
14 (QN/Block) 	Elapsed: 1.956	Loglikelihood: -1.01237e+07	(delta): 0.925646
15 (QN/Block) 	Elapsed: 1.95	Loglikelihood: -1.01237e+07	(delta): 1.04668
16 (QN/Block) 	Elapsed: 1.952	Loglikelihood: -1.01237e+07	(delta): 0.694893
17 (QN/Block) 	Elapsed: 1.951	Loglikelihood: -1.01237e+07	(delta): 0.378119
18 (QN/Block) 	Elapsed: 1.955	Loglikelihood: -1.01237e+07	(delta): 0.281557
19 (QN/Block) 	Elapsed: 1.957	Loglikelihood: -1.01237e+07	(delta): 0.746674
20 (QN/Block) 	Elapsed: 1.952	Loglikelihood: -1.01237e+07	(delta): 0.410571
21 (QN/Block) 	Elapsed: 1.944	Loglikelihood: -1.01237e+07	(delta): 0.191838
22 (QN/Block) 	Elapsed: 1.948	Loglikelihood: -1.01237e+07	(delta): 0.129933
23 (QN/Block) 	Elapsed: 1.942	Loglikelihood: -1.01237e+07	(delta): 0.366931
24 (QN/Block) 	Elapsed: 1.945	Loglikelihood: -1.01237e+07	(delta): 0.200179
25 (QN/Block) 	Elapsed: 1.946	Loglikelihood: -1.01237e+07	(delta): 0.0712278
26 (QN/Block) 	Elapsed: 1.943	Loglikelihood: -1.01237e+07	(delta): 0.0745227
27 (QN/Block) 	Elapsed: 1.949	Loglikelihood: -1.01237e+07	(delta): 0.306413
28 (QN/Block) 	Elapsed: 1.948	Loglikelihood: -1.01237e+07	(delta): 0.112798
29 (QN/Block) 	Elapsed: 1.945	Loglikelihood: -1.01237e+07	(delta): 0.040376
30 (QN/Block) 	Elapsed: 1.953	Loglikelihood: -1.01237e+07	(delta): 0.0312339
31 (QN/Block) 	Elapsed: 1.947	Loglikelihood: -1.01237e+07	(delta): 0.0349705
32 (QN/Block) 	Elapsed: 1.944	Loglikelihood: -1.01237e+07	(delta): 0.026711
33 (QN/Block) 	Elapsed: 1.94	Loglikelihood: -1.01237e+07	(delta): 0.0242386
34 (QN/Block) 	Elapsed: 1.95	Loglikelihood: -1.01237e+07	(delta): 0.0182819
35 (QN/Block) 	Elapsed: 1.942	Loglikelihood: -1.01237e+07	(delta): 0.0376526
36 (QN/Block) 	Elapsed: 1.947	Loglikelihood: -1.01237e+07	(delta): 0.0191027
37 (QN/Block) 	Elapsed: 1.943	Loglikelihood: -1.01237e+07	(delta): 0.00313172
38 (QN/Block) 	Elapsed: 1.951	Loglikelihood: -1.01237e+07	(delta): 0.00425384
39 (QN/Block) 	Elapsed: 1.944	Loglikelihood: -1.01237e+07	(delta): 0.0097637
40 (QN/Block) 	Elapsed: 1.943	Loglikelihood: -1.01237e+07	(delta): 0.00703119
41 (QN/Block) 	Elapsed: 1.947	Loglikelihood: -1.01237e+07	(delta): 0.00161202
42 (QN/Block) 	Elapsed: 1.951	Loglikelihood: -1.01237e+07	(delta): 0.00199283
43 (QN/Block) 	Elapsed: 1.943	Loglikelihood: -1.01237e+07	(delta): 0.00485137
44 (QN/Block) 	Elapsed: 1.953	Loglikelihood: -1.01237e+07	(delta): 0.00241466
45 (QN/Block) 	Elapsed: 1.943	Loglikelihood: -1.01237e+07	(delta): 0.00198431
46 (QN/Block) 	Elapsed: 1.953	Loglikelihood: -1.01237e+07	(delta): 0.000326062
47 (QN/Block) 	Elapsed: 1.944	Loglikelihood: -1.01237e+07	(delta): 0.000540355
48 (QN/Block) 	Elapsed: 1.949	Loglikelihood: -1.01237e+07	(delta): 0.00164796
49 (QN/Block) 	Elapsed: 1.948	Loglikelihood: -1.01237e+07	(delta): 0.00138106
50 (QN/Block) 	Elapsed: 1.945	Loglikelihood: -1.01237e+07	(delta): 0.000257585
51 (QN/Block) 	Elapsed: 1.951	Loglikelihood: -1.01237e+07	(delta): 0.000108048
52 (QN/Block) 	Elapsed: 1.94	Loglikelihood: -1.01237e+07	(delta): 0.000191109
53 (QN/Block) 	Elapsed: 1.951	Loglikelihood: -1.01237e+07	(delta): 0.00048946
54 (QN/Block) 	Elapsed: 1.944	Loglikelihood: -1.01237e+07	(delta): 8.58512e-05
Summary: 
Converged in 54 iterations (109.128 sec)
Loglikelihood: -10123684.761781
Fst divergences between estimated populations: 
	Pop0	
Pop0	
Pop1	0.035	
CV error (K=2): 0.46589
Writing output files.
