

--cv /media/genyoda/Extra_Storage/Projets/MOBELS/Beluga_PopStructure_Global/./00_Data/03b_ddRAD_Bringloe/populations.26019snps.497ind.pan.recode.bed 3 -j8


****                   ADMIXTURE Version 1.3.0                  ****
****                    Copyright 2008-2015                     ****
****           David Alexander, Suyash Shringarpure,            ****
****                John  Novembre, Ken Lange                   ****
****                                                            ****
****                 Please cite our paper!                     ****
****   Information at www.genetics.ucla.edu/software/admixture  ****

Cross-validation will be performed.  Folds=5.
Parallel execution requested.  Will use 8 threads.
Random seed: 43
Point estimation method: Block relaxation algorithm
Convergence acceleration algorithm: QuasiNewton, 3 secant conditions
Point estimation will terminate when objective function delta < 0.0001
Estimation of standard errors disabled; will compute point estimates only.
Size of G: 497x26019
Performing five EM steps to prime main algorithm
1 (EM) 	Elapsed: 0.494	Loglikelihood: -1.07916e+07	(delta): 9.49114e+06
2 (EM) 	Elapsed: 0.49	Loglikelihood: -1.03695e+07	(delta): 422091
3 (EM) 	Elapsed: 0.492	Loglikelihood: -1.02695e+07	(delta): 100083
4 (EM) 	Elapsed: 0.492	Loglikelihood: -1.02183e+07	(delta): 51187.5
5 (EM) 	Elapsed: 0.49	Loglikelihood: -1.01866e+07	(delta): 31663.8
Initial loglikelihood: -1.01866e+07
Starting main algorithm
1 (QN/Block) 	Elapsed: 3.169	Loglikelihood: -1.01211e+07	(delta): 65548.9
2 (QN/Block) 	Elapsed: 3.211	Loglikelihood: -1.01138e+07	(delta): 7230.54
3 (QN/Block) 	Elapsed: 3.28	Loglikelihood: -1.01067e+07	(delta): 7117.55
4 (QN/Block) 	Elapsed: 3.314	Loglikelihood: -1.01003e+07	(delta): 6380.49
5 (QN/Block) 	Elapsed: 3.306	Loglikelihood: -1.00986e+07	(delta): 1729.79
6 (QN/Block) 	Elapsed: 3.261	Loglikelihood: -1.00979e+07	(delta): 737.435
7 (QN/Block) 	Elapsed: 3.265	Loglikelihood: -1.00975e+07	(delta): 324.795
8 (QN/Block) 	Elapsed: 3.271	Loglikelihood: -1.00974e+07	(delta): 148.402
9 (QN/Block) 	Elapsed: 3.267	Loglikelihood: -1.00972e+07	(delta): 227.888
10 (QN/Block) 	Elapsed: 3.271	Loglikelihood: -1.00971e+07	(delta): 97.695
11 (QN/Block) 	Elapsed: 3.277	Loglikelihood: -1.00969e+07	(delta): 134.622
12 (QN/Block) 	Elapsed: 3.282	Loglikelihood: -1.00968e+07	(delta): 97.4896
13 (QN/Block) 	Elapsed: 3.28	Loglikelihood: -1.00968e+07	(delta): 60.9448
14 (QN/Block) 	Elapsed: 3.287	Loglikelihood: -1.00967e+07	(delta): 33.7277
15 (QN/Block) 	Elapsed: 3.274	Loglikelihood: -1.00967e+07	(delta): 24.0696
16 (QN/Block) 	Elapsed: 3.265	Loglikelihood: -1.00967e+07	(delta): 44.1221
17 (QN/Block) 	Elapsed: 3.298	Loglikelihood: -1.00966e+07	(delta): 42.47
18 (QN/Block) 	Elapsed: 3.288	Loglikelihood: -1.00966e+07	(delta): 11.0421
19 (QN/Block) 	Elapsed: 3.271	Loglikelihood: -1.00966e+07	(delta): 12.9675
20 (QN/Block) 	Elapsed: 3.275	Loglikelihood: -1.00966e+07	(delta): 16.9171
21 (QN/Block) 	Elapsed: 3.274	Loglikelihood: -1.00966e+07	(delta): 11.7628
22 (QN/Block) 	Elapsed: 3.318	Loglikelihood: -1.00966e+07	(delta): 16.9153
23 (QN/Block) 	Elapsed: 3.296	Loglikelihood: -1.00965e+07	(delta): 28.9018
24 (QN/Block) 	Elapsed: 3.292	Loglikelihood: -1.00965e+07	(delta): 24.0692
25 (QN/Block) 	Elapsed: 3.321	Loglikelihood: -1.00965e+07	(delta): 17.2196
26 (QN/Block) 	Elapsed: 3.309	Loglikelihood: -1.00965e+07	(delta): 18.949
27 (QN/Block) 	Elapsed: 3.274	Loglikelihood: -1.00965e+07	(delta): 8.65348
28 (QN/Block) 	Elapsed: 3.319	Loglikelihood: -1.00965e+07	(delta): 2.41867
29 (QN/Block) 	Elapsed: 3.28	Loglikelihood: -1.00965e+07	(delta): 2.84902
30 (QN/Block) 	Elapsed: 3.274	Loglikelihood: -1.00965e+07	(delta): 1.57848
31 (QN/Block) 	Elapsed: 3.275	Loglikelihood: -1.00965e+07	(delta): 1.28172
32 (QN/Block) 	Elapsed: 3.262	Loglikelihood: -1.00965e+07	(delta): 0.864882
33 (QN/Block) 	Elapsed: 3.26	Loglikelihood: -1.00965e+07	(delta): 0.744184
34 (QN/Block) 	Elapsed: 3.286	Loglikelihood: -1.00965e+07	(delta): 0.410995
35 (QN/Block) 	Elapsed: 3.267	Loglikelihood: -1.00965e+07	(delta): 0.288715
36 (QN/Block) 	Elapsed: 3.273	Loglikelihood: -1.00965e+07	(delta): 0.75881
37 (QN/Block) 	Elapsed: 3.271	Loglikelihood: -1.00964e+07	(delta): 0.591616
38 (QN/Block) 	Elapsed: 3.27	Loglikelihood: -1.00964e+07	(delta): 0.100518
39 (QN/Block) 	Elapsed: 3.261	Loglikelihood: -1.00964e+07	(delta): 0.0351929
40 (QN/Block) 	Elapsed: 3.265	Loglikelihood: -1.00964e+07	(delta): 0.0469755
41 (QN/Block) 	Elapsed: 3.266	Loglikelihood: -1.00964e+07	(delta): 0.0678574
42 (QN/Block) 	Elapsed: 3.306	Loglikelihood: -1.00964e+07	(delta): 0.0438625
43 (QN/Block) 	Elapsed: 3.28	Loglikelihood: -1.00964e+07	(delta): 0.0199042
44 (QN/Block) 	Elapsed: 3.267	Loglikelihood: -1.00964e+07	(delta): 0.0122325
45 (QN/Block) 	Elapsed: 3.276	Loglikelihood: -1.00964e+07	(delta): 0.580655
46 (QN/Block) 	Elapsed: 3.313	Loglikelihood: -1.00964e+07	(delta): 1.01239
47 (QN/Block) 	Elapsed: 3.28	Loglikelihood: -1.00964e+07	(delta): 0.49187
48 (QN/Block) 	Elapsed: 3.275	Loglikelihood: -1.00964e+07	(delta): 0.156514
49 (QN/Block) 	Elapsed: 3.267	Loglikelihood: -1.00964e+07	(delta): 0.0615912
50 (QN/Block) 	Elapsed: 3.265	Loglikelihood: -1.00964e+07	(delta): 0.0015544
51 (QN/Block) 	Elapsed: 3.267	Loglikelihood: -1.00964e+07	(delta): 0.00152626
52 (QN/Block) 	Elapsed: 3.258	Loglikelihood: -1.00964e+07	(delta): 0.00204436
53 (QN/Block) 	Elapsed: 3.266	Loglikelihood: -1.00964e+07	(delta): 0.00224507
54 (QN/Block) 	Elapsed: 3.264	Loglikelihood: -1.00964e+07	(delta): 0.000468614
55 (QN/Block) 	Elapsed: 3.262	Loglikelihood: -1.00964e+07	(delta): 0.00010022
56 (QN/Block) 	Elapsed: 3.275	Loglikelihood: -1.00964e+07	(delta): 0.000107616
57 (QN/Block) 	Elapsed: 3.266	Loglikelihood: -1.00964e+07	(delta): 0.000163751
58 (QN/Block) 	Elapsed: 3.285	Loglikelihood: -1.00964e+07	(delta): 7.72998e-05
Summary: 
Converged in 58 iterations (193.433 sec)
Loglikelihood: -10096447.284621
Fst divergences between estimated populations: 
	Pop0	Pop1	
Pop0	
Pop1	0.041	
Pop2	0.025	0.042	
CV error (K=3): 0.46783
Writing output files.
