

--cv /media/genyoda/Extra_Storage/Projets/MOBELS/Beluga_PopStructure_Global/./00_Data/03b_ddRAD_Bringloe/populations.24709snps.638ind.NoOutliers.recode.bed 9 -j8


****                   ADMIXTURE Version 1.3.0                  ****
****                    Copyright 2008-2015                     ****
****           David Alexander, Suyash Shringarpure,            ****
****                John  Novembre, Ken Lange                   ****
****                                                            ****
****                 Please cite our paper!                     ****
****   Information at www.genetics.ucla.edu/software/admixture  ****

Cross-validation will be performed.  Folds=5.
Parallel execution requested.  Will use 8 threads.
Random seed: 43
Point estimation method: Block relaxation algorithm
Convergence acceleration algorithm: QuasiNewton, 3 secant conditions
Point estimation will terminate when objective function delta < 0.0001
Estimation of standard errors disabled; will compute point estimates only.
Size of G: 638x24709
Performing five EM steps to prime main algorithm
1 (EM) 	Elapsed: 2.367	Loglikelihood: -1.31597e+07	(delta): 9.36999e+06
2 (EM) 	Elapsed: 2.535	Loglikelihood: -1.26119e+07	(delta): 547783
3 (EM) 	Elapsed: 2.543	Loglikelihood: -1.25209e+07	(delta): 90966
4 (EM) 	Elapsed: 2.557	Loglikelihood: -1.2473e+07	(delta): 47902
5 (EM) 	Elapsed: 2.555	Loglikelihood: -1.24375e+07	(delta): 35525.1
Initial loglikelihood: -1.24375e+07
Starting main algorithm
1 (QN/Block) 	Elapsed: 6.991	Loglikelihood: -1.22051e+07	(delta): 232419
2 (QN/Block) 	Elapsed: 7.008	Loglikelihood: -1.21107e+07	(delta): 94357.8
3 (QN/Block) 	Elapsed: 7.157	Loglikelihood: -1.2087e+07	(delta): 23714
4 (QN/Block) 	Elapsed: 7.181	Loglikelihood: -1.20734e+07	(delta): 13631.1
5 (QN/Block) 	Elapsed: 7.112	Loglikelihood: -1.20666e+07	(delta): 6796.53
6 (QN/Block) 	Elapsed: 7.128	Loglikelihood: -1.20633e+07	(delta): 3333.25
7 (QN/Block) 	Elapsed: 7.129	Loglikelihood: -1.20607e+07	(delta): 2552.57
8 (QN/Block) 	Elapsed: 7.115	Loglikelihood: -1.20585e+07	(delta): 2211.6
9 (QN/Block) 	Elapsed: 7.111	Loglikelihood: -1.20565e+07	(delta): 1989.66
10 (QN/Block) 	Elapsed: 7.15	Loglikelihood: -1.20549e+07	(delta): 1561.42
11 (QN/Block) 	Elapsed: 7.113	Loglikelihood: -1.20534e+07	(delta): 1516.85
12 (QN/Block) 	Elapsed: 7.14	Loglikelihood: -1.2052e+07	(delta): 1393.88
13 (QN/Block) 	Elapsed: 7.079	Loglikelihood: -1.2051e+07	(delta): 1014.6
14 (QN/Block) 	Elapsed: 7.018	Loglikelihood: -1.20503e+07	(delta): 706.605
15 (QN/Block) 	Elapsed: 7.013	Loglikelihood: -1.20498e+07	(delta): 553.211
16 (QN/Block) 	Elapsed: 6.998	Loglikelihood: -1.20492e+07	(delta): 531.022
17 (QN/Block) 	Elapsed: 7.021	Loglikelihood: -1.20486e+07	(delta): 652.701
18 (QN/Block) 	Elapsed: 7.014	Loglikelihood: -1.20481e+07	(delta): 418.87
19 (QN/Block) 	Elapsed: 7.028	Loglikelihood: -1.20478e+07	(delta): 315.404
20 (QN/Block) 	Elapsed: 7	Loglikelihood: -1.20477e+07	(delta): 160.641
21 (QN/Block) 	Elapsed: 6.986	Loglikelihood: -1.20475e+07	(delta): 176.061
22 (QN/Block) 	Elapsed: 7.013	Loglikelihood: -1.20473e+07	(delta): 221.841
23 (QN/Block) 	Elapsed: 6.962	Loglikelihood: -1.20472e+07	(delta): 113.194
24 (QN/Block) 	Elapsed: 6.994	Loglikelihood: -1.20471e+07	(delta): 52.4405
25 (QN/Block) 	Elapsed: 6.986	Loglikelihood: -1.20471e+07	(delta): 41.7849
26 (QN/Block) 	Elapsed: 6.959	Loglikelihood: -1.2047e+07	(delta): 34.7818
27 (QN/Block) 	Elapsed: 7.018	Loglikelihood: -1.2047e+07	(delta): 21.0236
28 (QN/Block) 	Elapsed: 7.001	Loglikelihood: -1.2047e+07	(delta): 16.9142
29 (QN/Block) 	Elapsed: 6.978	Loglikelihood: -1.2047e+07	(delta): 12.4469
30 (QN/Block) 	Elapsed: 6.998	Loglikelihood: -1.2047e+07	(delta): 11.3046
31 (QN/Block) 	Elapsed: 6.995	Loglikelihood: -1.2047e+07	(delta): 15.0711
32 (QN/Block) 	Elapsed: 7.004	Loglikelihood: -1.20469e+07	(delta): 8.99852
33 (QN/Block) 	Elapsed: 7.019	Loglikelihood: -1.20469e+07	(delta): 9.0086
34 (QN/Block) 	Elapsed: 6.996	Loglikelihood: -1.20469e+07	(delta): 3.26943
35 (QN/Block) 	Elapsed: 6.994	Loglikelihood: -1.20469e+07	(delta): 5.37388
36 (QN/Block) 	Elapsed: 7.016	Loglikelihood: -1.20469e+07	(delta): 2.37305
37 (QN/Block) 	Elapsed: 7.026	Loglikelihood: -1.20469e+07	(delta): 4.32801
38 (QN/Block) 	Elapsed: 7.012	Loglikelihood: -1.20469e+07	(delta): 1.34199
39 (QN/Block) 	Elapsed: 6.977	Loglikelihood: -1.20469e+07	(delta): 0.681223
40 (QN/Block) 	Elapsed: 6.997	Loglikelihood: -1.20469e+07	(delta): 0.250421
41 (QN/Block) 	Elapsed: 6.994	Loglikelihood: -1.20469e+07	(delta): 1.23935
42 (QN/Block) 	Elapsed: 7.016	Loglikelihood: -1.20469e+07	(delta): 0.106903
43 (QN/Block) 	Elapsed: 7.032	Loglikelihood: -1.20469e+07	(delta): 0.0298277
44 (QN/Block) 	Elapsed: 7.026	Loglikelihood: -1.20469e+07	(delta): 0.00928517
45 (QN/Block) 	Elapsed: 7.007	Loglikelihood: -1.20469e+07	(delta): 0.0027984
46 (QN/Block) 	Elapsed: 6.999	Loglikelihood: -1.20469e+07	(delta): 0.00167651
47 (QN/Block) 	Elapsed: 7.01	Loglikelihood: -1.20469e+07	(delta): 0.00450487
48 (QN/Block) 	Elapsed: 7.013	Loglikelihood: -1.20469e+07	(delta): 0.00156233
49 (QN/Block) 	Elapsed: 6.999	Loglikelihood: -1.20469e+07	(delta): 0.000509711
50 (QN/Block) 	Elapsed: 7.016	Loglikelihood: -1.20469e+07	(delta): 0.000116883
51 (QN/Block) 	Elapsed: 6.983	Loglikelihood: -1.20469e+07	(delta): 0.000106383
52 (QN/Block) 	Elapsed: 6.956	Loglikelihood: -1.20469e+07	(delta): 6.90483e-05
Summary: 
Converged in 52 iterations (379.791 sec)
Loglikelihood: -12046919.775011
Fst divergences between estimated populations: 
	Pop0	Pop1	Pop2	Pop3	Pop4	Pop5	Pop6	Pop7	
Pop0	
Pop1	0.067	
Pop2	0.048	0.061	
Pop3	0.097	0.109	0.093	
Pop4	0.112	0.122	0.106	0.160	
Pop5	0.044	0.055	0.039	0.089	0.100	
Pop6	0.159	0.167	0.154	0.209	0.209	0.148	
Pop7	0.046	0.055	0.037	0.092	0.101	0.033	0.153	
Pop8	0.058	0.070	0.053	0.100	0.114	0.047	0.142	0.048	
CV error (K=9): 0.47422
Writing output files.
