

--cv /media/genyoda/Extra_Storage/Projets/MOBELS/Beluga_PopStructure_Global/./00_Data/03b_ddRAD_Bringloe/populations.24709snps.638ind.NoOutliers.recode.bed 1 -j8


****                   ADMIXTURE Version 1.3.0                  ****
****                    Copyright 2008-2015                     ****
****           David Alexander, Suyash Shringarpure,            ****
****                John  Novembre, Ken Lange                   ****
****                                                            ****
****                 Please cite our paper!                     ****
****   Information at www.genetics.ucla.edu/software/admixture  ****

Cross-validation will be performed.  Folds=5.
Parallel execution requested.  Will use 8 threads.
Random seed: 43
Point estimation method: Block relaxation algorithm
Convergence acceleration algorithm: QuasiNewton, 3 secant conditions
Point estimation will terminate when objective function delta < 0.0001
Estimation of standard errors disabled; will compute point estimates only.
Size of G: 638x24709
Performing five EM steps to prime main algorithm
1 (EM) 	Elapsed: 0.55	Loglikelihood: -1.23508e+07	(delta): 1.86314e+07
2 (EM) 	Elapsed: 0.587	Loglikelihood: -1.23508e+07	(delta): 0
3 (EM) 	Elapsed: 0.715	Loglikelihood: -1.23508e+07	(delta): 0
4 (EM) 	Elapsed: 0.734	Loglikelihood: -1.23508e+07	(delta): 0
5 (EM) 	Elapsed: 0.736	Loglikelihood: -1.23508e+07	(delta): 0
Initial loglikelihood: -1.23508e+07
Starting main algorithm
1 (QN/Block) 	Elapsed: 1.292	Loglikelihood: -1.23508e+07	(delta): 1.86265e-09
Summary: 
Converged in 1 iterations (4.953 sec)
Loglikelihood: -12350781.791435
CV error (K=1): 0.46787
Writing output files.
