

--cv /media/genyoda/Extra_Storage/Projets/MOBELS/Beluga_PopStructure_Global/./00_Data/03b_ddRAD_Bringloe/populations.24709snps.638ind.NoOutliers.recode.bed 2 -j8


****                   ADMIXTURE Version 1.3.0                  ****
****                    Copyright 2008-2015                     ****
****           David Alexander, Suyash Shringarpure,            ****
****                John  Novembre, Ken Lange                   ****
****                                                            ****
****                 Please cite our paper!                     ****
****   Information at www.genetics.ucla.edu/software/admixture  ****

Cross-validation will be performed.  Folds=5.
Parallel execution requested.  Will use 8 threads.
Random seed: 43
Point estimation method: Block relaxation algorithm
Convergence acceleration algorithm: QuasiNewton, 3 secant conditions
Point estimation will terminate when objective function delta < 0.0001
Estimation of standard errors disabled; will compute point estimates only.
Size of G: 638x24709
Performing five EM steps to prime main algorithm
1 (EM) 	Elapsed: 0.539	Loglikelihood: -1.29631e+07	(delta): 1.34019e+07
2 (EM) 	Elapsed: 0.59	Loglikelihood: -1.2527e+07	(delta): 436055
3 (EM) 	Elapsed: 0.585	Loglikelihood: -1.24321e+07	(delta): 94895.7
4 (EM) 	Elapsed: 0.593	Loglikelihood: -1.23867e+07	(delta): 45474
5 (EM) 	Elapsed: 0.581	Loglikelihood: -1.23628e+07	(delta): 23829.7
Initial loglikelihood: -1.23628e+07
Starting main algorithm
1 (QN/Block) 	Elapsed: 1.814	Loglikelihood: -1.23231e+07	(delta): 39738
2 (QN/Block) 	Elapsed: 1.818	Loglikelihood: -1.22975e+07	(delta): 25544.8
3 (QN/Block) 	Elapsed: 1.888	Loglikelihood: -1.22946e+07	(delta): 2989.18
4 (QN/Block) 	Elapsed: 1.937	Loglikelihood: -1.22914e+07	(delta): 3185.56
5 (QN/Block) 	Elapsed: 2.008	Loglikelihood: -1.22882e+07	(delta): 3179.37
6 (QN/Block) 	Elapsed: 1.895	Loglikelihood: -1.2286e+07	(delta): 2230.58
7 (QN/Block) 	Elapsed: 1.889	Loglikelihood: -1.22845e+07	(delta): 1459.1
8 (QN/Block) 	Elapsed: 1.908	Loglikelihood: -1.22837e+07	(delta): 781.375
9 (QN/Block) 	Elapsed: 1.908	Loglikelihood: -1.2282e+07	(delta): 1738.35
10 (QN/Block) 	Elapsed: 1.974	Loglikelihood: -1.22789e+07	(delta): 3065.67
11 (QN/Block) 	Elapsed: 1.969	Loglikelihood: -1.22775e+07	(delta): 1458.28
12 (QN/Block) 	Elapsed: 1.968	Loglikelihood: -1.22773e+07	(delta): 202.535
13 (QN/Block) 	Elapsed: 1.943	Loglikelihood: -1.22772e+07	(delta): 12.2824
14 (QN/Block) 	Elapsed: 1.948	Loglikelihood: -1.22772e+07	(delta): 75.75
15 (QN/Block) 	Elapsed: 1.955	Loglikelihood: -1.22771e+07	(delta): 55.6025
16 (QN/Block) 	Elapsed: 1.919	Loglikelihood: -1.22771e+07	(delta): 21.7606
17 (QN/Block) 	Elapsed: 1.905	Loglikelihood: -1.22771e+07	(delta): 1.73243
18 (QN/Block) 	Elapsed: 1.934	Loglikelihood: -1.22771e+07	(delta): 26.2567
19 (QN/Block) 	Elapsed: 1.962	Loglikelihood: -1.2277e+07	(delta): 15.1365
20 (QN/Block) 	Elapsed: 1.922	Loglikelihood: -1.2277e+07	(delta): 3.50242
21 (QN/Block) 	Elapsed: 1.914	Loglikelihood: -1.2277e+07	(delta): 1.34341
22 (QN/Block) 	Elapsed: 1.925	Loglikelihood: -1.2277e+07	(delta): 1.63285
23 (QN/Block) 	Elapsed: 1.918	Loglikelihood: -1.2277e+07	(delta): 0.244762
24 (QN/Block) 	Elapsed: 1.928	Loglikelihood: -1.2277e+07	(delta): 3.99947
25 (QN/Block) 	Elapsed: 1.944	Loglikelihood: -1.2277e+07	(delta): 0.748493
26 (QN/Block) 	Elapsed: 1.917	Loglikelihood: -1.2277e+07	(delta): 4.38438
27 (QN/Block) 	Elapsed: 1.915	Loglikelihood: -1.2277e+07	(delta): 3.82544
28 (QN/Block) 	Elapsed: 1.935	Loglikelihood: -1.2277e+07	(delta): 0.0805448
29 (QN/Block) 	Elapsed: 1.917	Loglikelihood: -1.2277e+07	(delta): 0.120452
30 (QN/Block) 	Elapsed: 1.97	Loglikelihood: -1.2277e+07	(delta): 0.0277446
31 (QN/Block) 	Elapsed: 1.973	Loglikelihood: -1.2277e+07	(delta): 0.0274933
32 (QN/Block) 	Elapsed: 1.916	Loglikelihood: -1.2277e+07	(delta): 1.16519
33 (QN/Block) 	Elapsed: 1.962	Loglikelihood: -1.2277e+07	(delta): 3.76614
34 (QN/Block) 	Elapsed: 1.953	Loglikelihood: -1.2277e+07	(delta): 0.335402
35 (QN/Block) 	Elapsed: 1.925	Loglikelihood: -1.2277e+07	(delta): 0.162082
36 (QN/Block) 	Elapsed: 1.934	Loglikelihood: -1.2277e+07	(delta): 0.0113474
37 (QN/Block) 	Elapsed: 1.922	Loglikelihood: -1.2277e+07	(delta): 0.313255
38 (QN/Block) 	Elapsed: 1.931	Loglikelihood: -1.2277e+07	(delta): 0.293634
39 (QN/Block) 	Elapsed: 1.924	Loglikelihood: -1.2277e+07	(delta): 0.12023
40 (QN/Block) 	Elapsed: 1.933	Loglikelihood: -1.2277e+07	(delta): 0.000987807
41 (QN/Block) 	Elapsed: 1.975	Loglikelihood: -1.2277e+07	(delta): 0.000526708
42 (QN/Block) 	Elapsed: 1.962	Loglikelihood: -1.2277e+07	(delta): 0.000524297
43 (QN/Block) 	Elapsed: 1.944	Loglikelihood: -1.2277e+07	(delta): 0.113783
44 (QN/Block) 	Elapsed: 1.944	Loglikelihood: -1.2277e+07	(delta): 0.161711
45 (QN/Block) 	Elapsed: 2.019	Loglikelihood: -1.2277e+07	(delta): 0.0210388
46 (QN/Block) 	Elapsed: 1.922	Loglikelihood: -1.2277e+07	(delta): 0.00827179
47 (QN/Block) 	Elapsed: 1.919	Loglikelihood: -1.2277e+07	(delta): 5.25638e-05
Summary: 
Converged in 47 iterations (94.939 sec)
Loglikelihood: -12277016.028991
Fst divergences between estimated populations: 
	Pop0	
Pop0	
Pop1	0.099	
CV error (K=2): 0.46659
Writing output files.
