

--cv /media/genyoda/Extra_Storage/Projets/MOBELS/Beluga_PopStructure_Global/./00_Data/03b_ddRAD_Bringloe/populations.24709snps.638ind.NoOutliers.recode.bed 7 -j8


****                   ADMIXTURE Version 1.3.0                  ****
****                    Copyright 2008-2015                     ****
****           David Alexander, Suyash Shringarpure,            ****
****                John  Novembre, Ken Lange                   ****
****                                                            ****
****                 Please cite our paper!                     ****
****   Information at www.genetics.ucla.edu/software/admixture  ****

Cross-validation will be performed.  Folds=5.
Parallel execution requested.  Will use 8 threads.
Random seed: 43
Point estimation method: Block relaxation algorithm
Convergence acceleration algorithm: QuasiNewton, 3 secant conditions
Point estimation will terminate when objective function delta < 0.0001
Estimation of standard errors disabled; will compute point estimates only.
Size of G: 638x24709
Performing five EM steps to prime main algorithm
1 (EM) 	Elapsed: 3.072	Loglikelihood: -1.31828e+07	(delta): 9.68366e+06
2 (EM) 	Elapsed: 3.038	Loglikelihood: -1.26389e+07	(delta): 543910
3 (EM) 	Elapsed: 3.014	Loglikelihood: -1.25367e+07	(delta): 102239
4 (EM) 	Elapsed: 3.014	Loglikelihood: -1.24815e+07	(delta): 55145.3
5 (EM) 	Elapsed: 3.039	Loglikelihood: -1.2442e+07	(delta): 39536.2
Initial loglikelihood: -1.2442e+07
Starting main algorithm
1 (QN/Block) 	Elapsed: 4.642	Loglikelihood: -1.22333e+07	(delta): 208662
2 (QN/Block) 	Elapsed: 4.629	Loglikelihood: -1.2147e+07	(delta): 86348.5
3 (QN/Block) 	Elapsed: 4.716	Loglikelihood: -1.21249e+07	(delta): 22080.4
4 (QN/Block) 	Elapsed: 4.771	Loglikelihood: -1.21165e+07	(delta): 8439.87
5 (QN/Block) 	Elapsed: 4.815	Loglikelihood: -1.21109e+07	(delta): 5599.38
6 (QN/Block) 	Elapsed: 4.908	Loglikelihood: -1.21057e+07	(delta): 5139.21
7 (QN/Block) 	Elapsed: 4.881	Loglikelihood: -1.21036e+07	(delta): 2150.64
8 (QN/Block) 	Elapsed: 4.897	Loglikelihood: -1.21015e+07	(delta): 2022.25
9 (QN/Block) 	Elapsed: 4.869	Loglikelihood: -1.20994e+07	(delta): 2180.55
10 (QN/Block) 	Elapsed: 4.974	Loglikelihood: -1.2098e+07	(delta): 1321.53
11 (QN/Block) 	Elapsed: 4.824	Loglikelihood: -1.20972e+07	(delta): 863.029
12 (QN/Block) 	Elapsed: 4.685	Loglikelihood: -1.20959e+07	(delta): 1227.13
13 (QN/Block) 	Elapsed: 4.6	Loglikelihood: -1.20956e+07	(delta): 332.183
14 (QN/Block) 	Elapsed: 4.654	Loglikelihood: -1.20954e+07	(delta): 203.389
15 (QN/Block) 	Elapsed: 4.677	Loglikelihood: -1.20952e+07	(delta): 169.517
16 (QN/Block) 	Elapsed: 4.667	Loglikelihood: -1.20952e+07	(delta): 70.3372
17 (QN/Block) 	Elapsed: 4.632	Loglikelihood: -1.20951e+07	(delta): 51.301
18 (QN/Block) 	Elapsed: 4.64	Loglikelihood: -1.20951e+07	(delta): 42.8511
19 (QN/Block) 	Elapsed: 4.64	Loglikelihood: -1.2095e+07	(delta): 33.9444
20 (QN/Block) 	Elapsed: 4.674	Loglikelihood: -1.2095e+07	(delta): 38.4921
21 (QN/Block) 	Elapsed: 4.666	Loglikelihood: -1.2095e+07	(delta): 34.2433
22 (QN/Block) 	Elapsed: 4.68	Loglikelihood: -1.2095e+07	(delta): 19.1003
23 (QN/Block) 	Elapsed: 4.641	Loglikelihood: -1.20949e+07	(delta): 11.5323
24 (QN/Block) 	Elapsed: 4.641	Loglikelihood: -1.20949e+07	(delta): 14.9712
25 (QN/Block) 	Elapsed: 4.632	Loglikelihood: -1.20949e+07	(delta): 8.42877
26 (QN/Block) 	Elapsed: 4.618	Loglikelihood: -1.20949e+07	(delta): 11.0141
27 (QN/Block) 	Elapsed: 4.63	Loglikelihood: -1.20949e+07	(delta): 6.81692
28 (QN/Block) 	Elapsed: 4.622	Loglikelihood: -1.20949e+07	(delta): 14.135
29 (QN/Block) 	Elapsed: 4.631	Loglikelihood: -1.20949e+07	(delta): 4.049
30 (QN/Block) 	Elapsed: 4.623	Loglikelihood: -1.20949e+07	(delta): 5.7266
31 (QN/Block) 	Elapsed: 4.64	Loglikelihood: -1.20949e+07	(delta): 1.45949
32 (QN/Block) 	Elapsed: 4.619	Loglikelihood: -1.20949e+07	(delta): 4.41672
33 (QN/Block) 	Elapsed: 4.642	Loglikelihood: -1.20949e+07	(delta): 1.29369
34 (QN/Block) 	Elapsed: 4.643	Loglikelihood: -1.20949e+07	(delta): 2.64637
35 (QN/Block) 	Elapsed: 4.633	Loglikelihood: -1.20949e+07	(delta): 0.900145
36 (QN/Block) 	Elapsed: 4.632	Loglikelihood: -1.20949e+07	(delta): 0.865245
37 (QN/Block) 	Elapsed: 4.628	Loglikelihood: -1.20949e+07	(delta): 0.267798
38 (QN/Block) 	Elapsed: 4.624	Loglikelihood: -1.20949e+07	(delta): 1.1725
39 (QN/Block) 	Elapsed: 4.625	Loglikelihood: -1.20949e+07	(delta): 0.176364
40 (QN/Block) 	Elapsed: 4.653	Loglikelihood: -1.20949e+07	(delta): 0.48179
41 (QN/Block) 	Elapsed: 4.65	Loglikelihood: -1.20949e+07	(delta): 0.112368
42 (QN/Block) 	Elapsed: 4.626	Loglikelihood: -1.20949e+07	(delta): 0.0542129
43 (QN/Block) 	Elapsed: 4.632	Loglikelihood: -1.20949e+07	(delta): 0.0118514
44 (QN/Block) 	Elapsed: 4.634	Loglikelihood: -1.20949e+07	(delta): 0.0213066
45 (QN/Block) 	Elapsed: 4.634	Loglikelihood: -1.20949e+07	(delta): 0.0118833
46 (QN/Block) 	Elapsed: 4.635	Loglikelihood: -1.20949e+07	(delta): 0.00155045
47 (QN/Block) 	Elapsed: 4.637	Loglikelihood: -1.20949e+07	(delta): 0.00101233
48 (QN/Block) 	Elapsed: 4.635	Loglikelihood: -1.20949e+07	(delta): 0.000227932
49 (QN/Block) 	Elapsed: 4.633	Loglikelihood: -1.20949e+07	(delta): 0.000140995
50 (QN/Block) 	Elapsed: 4.626	Loglikelihood: -1.20949e+07	(delta): 8.22693e-05
Summary: 
Converged in 50 iterations (250.654 sec)
Loglikelihood: -12094862.808241
Fst divergences between estimated populations: 
	Pop0	Pop1	Pop2	Pop3	Pop4	Pop5	
Pop0	
Pop1	0.048	
Pop2	0.054	0.038	
Pop3	0.062	0.045	0.050	
Pop4	0.060	0.043	0.047	0.057	
Pop5	0.103	0.088	0.092	0.100	0.097	
Pop6	0.048	0.033	0.036	0.045	0.045	0.092	
CV error (K=7): 0.46804
Writing output files.
