

--cv /media/genyoda/Extra_Storage/Projets/MOBELS/Beluga_PopStructure_Global/./00_Data/03b_ddRAD_Bringloe/populations.24709snps.638ind.NoOutliers.recode.bed 5 -j8


****                   ADMIXTURE Version 1.3.0                  ****
****                    Copyright 2008-2015                     ****
****           David Alexander, Suyash Shringarpure,            ****
****                John  Novembre, Ken Lange                   ****
****                                                            ****
****                 Please cite our paper!                     ****
****   Information at www.genetics.ucla.edu/software/admixture  ****

Cross-validation will be performed.  Folds=5.
Parallel execution requested.  Will use 8 threads.
Random seed: 43
Point estimation method: Block relaxation algorithm
Convergence acceleration algorithm: QuasiNewton, 3 secant conditions
Point estimation will terminate when objective function delta < 0.0001
Estimation of standard errors disabled; will compute point estimates only.
Size of G: 638x24709
Performing five EM steps to prime main algorithm
1 (EM) 	Elapsed: 1.036	Loglikelihood: -1.31925e+07	(delta): 1.02269e+07
2 (EM) 	Elapsed: 1.002	Loglikelihood: -1.2654e+07	(delta): 538438
3 (EM) 	Elapsed: 1.069	Loglikelihood: -1.25386e+07	(delta): 115421
4 (EM) 	Elapsed: 1.069	Loglikelihood: -1.24766e+07	(delta): 62047.3
5 (EM) 	Elapsed: 1.067	Loglikelihood: -1.24342e+07	(delta): 42356.8
Initial loglikelihood: -1.24342e+07
Starting main algorithm
1 (QN/Block) 	Elapsed: 5.093	Loglikelihood: -1.2267e+07	(delta): 167257
2 (QN/Block) 	Elapsed: 5.222	Loglikelihood: -1.21771e+07	(delta): 89886.6
3 (QN/Block) 	Elapsed: 5.318	Loglikelihood: -1.21581e+07	(delta): 18987.7
4 (QN/Block) 	Elapsed: 5.335	Loglikelihood: -1.21538e+07	(delta): 4319.58
5 (QN/Block) 	Elapsed: 5.173	Loglikelihood: -1.21514e+07	(delta): 2385.27
6 (QN/Block) 	Elapsed: 5.143	Loglikelihood: -1.21504e+07	(delta): 1004.19
7 (QN/Block) 	Elapsed: 5.169	Loglikelihood: -1.21497e+07	(delta): 649.813
8 (QN/Block) 	Elapsed: 5.152	Loglikelihood: -1.2149e+07	(delta): 734.766
9 (QN/Block) 	Elapsed: 5.137	Loglikelihood: -1.21485e+07	(delta): 457.496
10 (QN/Block) 	Elapsed: 5.135	Loglikelihood: -1.21482e+07	(delta): 314.535
11 (QN/Block) 	Elapsed: 5.12	Loglikelihood: -1.2148e+07	(delta): 197.04
12 (QN/Block) 	Elapsed: 5.154	Loglikelihood: -1.21479e+07	(delta): 104.108
13 (QN/Block) 	Elapsed: 5.134	Loglikelihood: -1.21479e+07	(delta): 50.7753
14 (QN/Block) 	Elapsed: 5.143	Loglikelihood: -1.21478e+07	(delta): 51.2271
15 (QN/Block) 	Elapsed: 5.127	Loglikelihood: -1.21478e+07	(delta): 26.52
16 (QN/Block) 	Elapsed: 5.136	Loglikelihood: -1.21477e+07	(delta): 43.1306
17 (QN/Block) 	Elapsed: 5.118	Loglikelihood: -1.21477e+07	(delta): 13.2478
18 (QN/Block) 	Elapsed: 5.169	Loglikelihood: -1.21477e+07	(delta): 39.8179
19 (QN/Block) 	Elapsed: 5.203	Loglikelihood: -1.21477e+07	(delta): 29.3842
20 (QN/Block) 	Elapsed: 5.182	Loglikelihood: -1.21476e+07	(delta): 20.3899
21 (QN/Block) 	Elapsed: 5.158	Loglikelihood: -1.21476e+07	(delta): 10.1684
22 (QN/Block) 	Elapsed: 5.155	Loglikelihood: -1.21476e+07	(delta): 19.0604
23 (QN/Block) 	Elapsed: 5.149	Loglikelihood: -1.21476e+07	(delta): 18.1097
24 (QN/Block) 	Elapsed: 5.148	Loglikelihood: -1.21476e+07	(delta): 10.9922
25 (QN/Block) 	Elapsed: 5.15	Loglikelihood: -1.21476e+07	(delta): 11.0686
26 (QN/Block) 	Elapsed: 5.165	Loglikelihood: -1.21476e+07	(delta): 12.9807
27 (QN/Block) 	Elapsed: 5.158	Loglikelihood: -1.21475e+07	(delta): 17.2844
28 (QN/Block) 	Elapsed: 5.168	Loglikelihood: -1.21475e+07	(delta): 18.4673
29 (QN/Block) 	Elapsed: 5.159	Loglikelihood: -1.21475e+07	(delta): 21.1201
30 (QN/Block) 	Elapsed: 5.163	Loglikelihood: -1.21475e+07	(delta): 23.254
31 (QN/Block) 	Elapsed: 5.142	Loglikelihood: -1.21474e+07	(delta): 33.7981
32 (QN/Block) 	Elapsed: 5.139	Loglikelihood: -1.21474e+07	(delta): 24.8446
33 (QN/Block) 	Elapsed: 5.199	Loglikelihood: -1.21474e+07	(delta): 12.6435
34 (QN/Block) 	Elapsed: 5.16	Loglikelihood: -1.21474e+07	(delta): 8.94607
35 (QN/Block) 	Elapsed: 5.162	Loglikelihood: -1.21474e+07	(delta): 22.5576
36 (QN/Block) 	Elapsed: 5.171	Loglikelihood: -1.21474e+07	(delta): 9.15382
37 (QN/Block) 	Elapsed: 5.167	Loglikelihood: -1.21474e+07	(delta): 7.40944
38 (QN/Block) 	Elapsed: 5.14	Loglikelihood: -1.21474e+07	(delta): 6.24352
39 (QN/Block) 	Elapsed: 5.133	Loglikelihood: -1.21473e+07	(delta): 8.40334
40 (QN/Block) 	Elapsed: 5.126	Loglikelihood: -1.21473e+07	(delta): 8.3441
41 (QN/Block) 	Elapsed: 5.16	Loglikelihood: -1.21473e+07	(delta): 10.0827
42 (QN/Block) 	Elapsed: 5.185	Loglikelihood: -1.21473e+07	(delta): 9.01336
43 (QN/Block) 	Elapsed: 5.159	Loglikelihood: -1.21473e+07	(delta): 21.0924
44 (QN/Block) 	Elapsed: 5.145	Loglikelihood: -1.21473e+07	(delta): 18.1419
45 (QN/Block) 	Elapsed: 5.199	Loglikelihood: -1.21473e+07	(delta): 18.5463
46 (QN/Block) 	Elapsed: 5.146	Loglikelihood: -1.21472e+07	(delta): 17.632
47 (QN/Block) 	Elapsed: 5.139	Loglikelihood: -1.21472e+07	(delta): 18.3531
48 (QN/Block) 	Elapsed: 5.154	Loglikelihood: -1.21472e+07	(delta): 15.5501
49 (QN/Block) 	Elapsed: 5.149	Loglikelihood: -1.21472e+07	(delta): 14.3223
50 (QN/Block) 	Elapsed: 5.167	Loglikelihood: -1.21472e+07	(delta): 12.7258
51 (QN/Block) 	Elapsed: 5.132	Loglikelihood: -1.21472e+07	(delta): 14.0014
52 (QN/Block) 	Elapsed: 5.156	Loglikelihood: -1.21472e+07	(delta): 12.9254
53 (QN/Block) 	Elapsed: 5.138	Loglikelihood: -1.21471e+07	(delta): 12.0647
54 (QN/Block) 	Elapsed: 5.151	Loglikelihood: -1.21471e+07	(delta): 19.6887
55 (QN/Block) 	Elapsed: 5.147	Loglikelihood: -1.21471e+07	(delta): 20.8414
56 (QN/Block) 	Elapsed: 5.149	Loglikelihood: -1.21471e+07	(delta): 18.8683
57 (QN/Block) 	Elapsed: 5.171	Loglikelihood: -1.21471e+07	(delta): 21.4518
58 (QN/Block) 	Elapsed: 5.135	Loglikelihood: -1.2147e+07	(delta): 22.3009
59 (QN/Block) 	Elapsed: 5.151	Loglikelihood: -1.2147e+07	(delta): 26.1039
60 (QN/Block) 	Elapsed: 5.177	Loglikelihood: -1.2147e+07	(delta): 21.4617
61 (QN/Block) 	Elapsed: 5.156	Loglikelihood: -1.2147e+07	(delta): 15.2112
62 (QN/Block) 	Elapsed: 5.134	Loglikelihood: -1.2147e+07	(delta): 17.5706
63 (QN/Block) 	Elapsed: 5.159	Loglikelihood: -1.21469e+07	(delta): 12.6758
64 (QN/Block) 	Elapsed: 5.191	Loglikelihood: -1.21469e+07	(delta): 11.4202
65 (QN/Block) 	Elapsed: 5.172	Loglikelihood: -1.21469e+07	(delta): 8.4078
66 (QN/Block) 	Elapsed: 5.145	Loglikelihood: -1.21469e+07	(delta): 6.65217
67 (QN/Block) 	Elapsed: 5.183	Loglikelihood: -1.21469e+07	(delta): 19.075
68 (QN/Block) 	Elapsed: 5.152	Loglikelihood: -1.21469e+07	(delta): 9.50907
69 (QN/Block) 	Elapsed: 5.163	Loglikelihood: -1.21469e+07	(delta): 9.36987
70 (QN/Block) 	Elapsed: 5.12	Loglikelihood: -1.21469e+07	(delta): 5.36472
71 (QN/Block) 	Elapsed: 5.147	Loglikelihood: -1.21469e+07	(delta): 11.9483
72 (QN/Block) 	Elapsed: 5.156	Loglikelihood: -1.21469e+07	(delta): 8.21127
73 (QN/Block) 	Elapsed: 5.158	Loglikelihood: -1.21469e+07	(delta): 4.52794
74 (QN/Block) 	Elapsed: 5.145	Loglikelihood: -1.21468e+07	(delta): 2.98149
75 (QN/Block) 	Elapsed: 5.144	Loglikelihood: -1.21468e+07	(delta): 1.93766
76 (QN/Block) 	Elapsed: 5.134	Loglikelihood: -1.21468e+07	(delta): 2.01219
77 (QN/Block) 	Elapsed: 5.137	Loglikelihood: -1.21468e+07	(delta): 1.62872
78 (QN/Block) 	Elapsed: 5.133	Loglikelihood: -1.21468e+07	(delta): 1.38571
79 (QN/Block) 	Elapsed: 5.165	Loglikelihood: -1.21468e+07	(delta): 0.85872
80 (QN/Block) 	Elapsed: 5.164	Loglikelihood: -1.21468e+07	(delta): 1.78339
81 (QN/Block) 	Elapsed: 5.16	Loglikelihood: -1.21468e+07	(delta): 2.04936
82 (QN/Block) 	Elapsed: 5.158	Loglikelihood: -1.21468e+07	(delta): 1.30639
83 (QN/Block) 	Elapsed: 5.137	Loglikelihood: -1.21468e+07	(delta): 0.237271
84 (QN/Block) 	Elapsed: 5.158	Loglikelihood: -1.21468e+07	(delta): 0.683081
85 (QN/Block) 	Elapsed: 5.163	Loglikelihood: -1.21468e+07	(delta): 1.7311
86 (QN/Block) 	Elapsed: 5.216	Loglikelihood: -1.21468e+07	(delta): 0.73925
87 (QN/Block) 	Elapsed: 5.147	Loglikelihood: -1.21468e+07	(delta): 0.259106
88 (QN/Block) 	Elapsed: 5.135	Loglikelihood: -1.21468e+07	(delta): 0.0599089
89 (QN/Block) 	Elapsed: 5.146	Loglikelihood: -1.21468e+07	(delta): 0.0499546
90 (QN/Block) 	Elapsed: 5.167	Loglikelihood: -1.21468e+07	(delta): 0.0258825
91 (QN/Block) 	Elapsed: 5.141	Loglikelihood: -1.21468e+07	(delta): 0.115246
92 (QN/Block) 	Elapsed: 5.168	Loglikelihood: -1.21468e+07	(delta): 0.0577649
93 (QN/Block) 	Elapsed: 5.154	Loglikelihood: -1.21468e+07	(delta): 0.0364971
94 (QN/Block) 	Elapsed: 5.159	Loglikelihood: -1.21468e+07	(delta): 0.00902879
95 (QN/Block) 	Elapsed: 5.154	Loglikelihood: -1.21468e+07	(delta): 0.0184369
96 (QN/Block) 	Elapsed: 5.165	Loglikelihood: -1.21468e+07	(delta): 0.0134543
97 (QN/Block) 	Elapsed: 5.163	Loglikelihood: -1.21468e+07	(delta): 0.0107208
98 (QN/Block) 	Elapsed: 5.143	Loglikelihood: -1.21468e+07	(delta): 0.00812004
99 (QN/Block) 	Elapsed: 5.143	Loglikelihood: -1.21468e+07	(delta): 0.0144547
100 (QN/Block) 	Elapsed: 5.167	Loglikelihood: -1.21468e+07	(delta): 0.0171885
101 (QN/Block) 	Elapsed: 5.141	Loglikelihood: -1.21468e+07	(delta): 0.00801317
102 (QN/Block) 	Elapsed: 5.157	Loglikelihood: -1.21468e+07	(delta): 0.000449613
103 (QN/Block) 	Elapsed: 5.135	Loglikelihood: -1.21468e+07	(delta): 0.000453737
104 (QN/Block) 	Elapsed: 5.132	Loglikelihood: -1.21468e+07	(delta): 0.00137733
105 (QN/Block) 	Elapsed: 5.135	Loglikelihood: -1.21468e+07	(delta): 0.00186713
106 (QN/Block) 	Elapsed: 5.167	Loglikelihood: -1.21468e+07	(delta): 0.000165831
107 (QN/Block) 	Elapsed: 5.137	Loglikelihood: -1.21468e+07	(delta): 2.71853e-05
Summary: 
Converged in 107 iterations (560.122 sec)
Loglikelihood: -12146832.511511
Fst divergences between estimated populations: 
	Pop0	Pop1	Pop2	Pop3	
Pop0	
Pop1	0.089	
Pop2	0.094	0.049	
Pop3	0.102	0.046	0.055	
Pop4	0.091	0.035	0.043	0.052	
CV error (K=5): 0.46600
Writing output files.
