

--vcf /media/genyoda/Extra_Storage/Projets/MOBELS/Beluga_PopStructure_Global/./00_Data/01_Filtering.ref/01_Bringloe/01c_MissingData/populations.92115snps.680ind.all.recode.vcf --recode --indv S_20_00600 --indv S_20_00601 --indv S_20_00602 --indv S_20_00603 --indv S_20_00604 --indv S_20_00605 --indv S_20_00606 --indv S_20_00607 --indv S_20_00608 --indv S_20_00609 --indv S_20_00610 --indv S_20_00611 --indv S_20_00614 --indv S_20_00615 --indv S_20_00616 --indv S_20_00617 --indv S_20_00618 --indv S_20_00620 --indv S_20_00621 --indv S_20_00622 --indv S_20_00625 --indv S_20_00626_rep --indv S_20_00627 --indv S_20_00628 --indv S_20_00629 --indv S_20_00630 --indv S_20_00632 --indv S_20_00633 --indv S_20_00635 --indv S_20_00636 --indv S_20_00638 --indv S_20_00639 --indv S_20_00640 --indv S_20_00642 --indv S_20_00643 --indv S_20_00644 --indv S_20_00645 --indv S_20_00646_rep --indv S_20_00647_rep --indv S_20_00649 --indv S_20_00650 --indv S_20_00651 --indv S_20_00652 --indv S_20_00653 --indv S_20_00654 --indv S_20_00656 --indv S_20_00657 --indv S_20_00658 --indv S_20_00660 --indv S_20_00661 --indv S_20_00662 --indv S_20_00664 --indv S_20_00665 --indv S_20_00666 --indv S_20_00667 --indv S_20_00668 --indv S_20_00670 --indv S_20_00676 --indv S_20_00678 --indv S_20_00681 --indv S_20_00683 --indv S_20_00684 --indv S_20_00685 --indv S_20_00686 --indv S_20_00687 --indv S_20_00690 --indv S_20_00692 --indv S_20_00695 --indv S_20_00697 --indv S_20_00699 --indv S_20_00701 --indv S_20_00702 --indv S_20_00703 --indv S_20_00709 --indv S_20_00710 --indv S_20_00711 --indv S_20_00712 --indv S_20_00713 --indv S_20_00717 --indv S_20_00718 --indv S_20_00719 --indv S_20_00720 --indv S_20_00721 --indv S_20_00722 --indv S_20_00724 --indv S_20_00725 --indv S_20_00726 --indv S_20_00729 --indv S_20_00730 --indv S_20_00731 --indv S_20_00732 --indv S_20_00733 --indv S_20_00734 --indv S_20_00735 --indv S_20_00738 --indv S_20_00740 --indv S_20_00741 --indv S_20_00742 --indv S_20_00743 --indv S_20_00744 --indv S_20_00745 --indv S_20_00748 --indv S_20_00749 --indv S_20_00750 --indv S_20_00751 --indv S_20_00753 --indv S_20_00754 --indv S_20_00755 --indv S_20_00757 --indv S_20_00758 --indv S_20_00759 --indv S_20_00761 --indv S_20_00762 --indv S_20_00764 --indv S_20_00765 --indv S_20_00766 --indv S_20_00767 --indv S_20_00768 --indv S_20_00769 --indv S_20_00770 --indv S_20_00771 --indv S_20_00772 --indv S_20_00775 --indv S_20_00776 --indv S_20_00777 --indv S_20_00778 --indv S_20_00779 --indv S_20_00780 --indv S_20_00781 --indv S_20_00782 --indv S_20_00784 --indv S_20_00788 --indv S_20_00789 --indv S_20_00790 --indv S_20_00791 --indv S_20_00792 --indv S_20_00793 --indv S_20_00794 --indv S_20_00795 --indv S_20_00796 --indv S_20_00797 --indv S_20_00798 --indv S_20_00799 --indv S_20_00800 --indv S_20_00801 --indv S_20_00802 --indv S_20_00803 --indv S_20_00804 --indv S_20_00805 --indv S_20_00806 --indv S_20_00807 --indv S_20_00808 --indv S_20_00809 --indv S_20_00810 --indv S_20_00811 --indv S_20_00812 --indv S_20_00813 --indv S_20_00814 --indv S_20_00816 --indv S_20_00817 --indv S_20_00818 --indv S_20_00820 --indv S_20_00822 --indv S_20_00828 --indv S_20_00829 --indv S_20_00830 --indv S_20_00831 --indv S_20_00832 --indv S_20_00833 --indv S_20_00834 --indv S_20_00835_rep_1 --indv S_20_00836 --indv S_20_00849_rep --indv S_20_00851_rep --indv S_20_00852_rep --indv S_20_00853 --indv S_20_00854_rep --indv S_20_00855 --indv S_20_00856 --indv S_20_00857_rep --indv S_20_00860 --indv S_20_00861_rep --indv S_20_00862_rep --indv S_20_00865 --indv S_20_00866 --indv S_20_00867 --indv S_20_00868 --indv S_20_00869 --indv S_20_00870 --indv S_20_00871 --indv S_20_00872 --indv S_20_00878 --indv S_20_00881 --indv S_20_00884 --indv S_20_00885 --indv S_20_00890 --indv S_20_00891 --indv S_20_00892 --indv S_20_00894 --indv S_20_00895 --indv S_20_00897 --indv S_20_00898 --indv S_20_00899 --indv S_20_00901 --indv S_20_00903 --indv S_20_00904 --indv S_20_00905 --indv S_20_00907 --indv S_20_00908 --indv S_20_00912 --indv S_20_00913 --indv S_20_00914 --indv S_20_00915 --indv S_20_00916_rep --indv S_20_00917 --indv S_20_00918_rep --indv S_20_00920 --indv S_20_00921_rep --indv S_20_00924 --indv S_20_00925 --indv S_20_00926 --indv S_20_00927 --indv S_20_00928 --indv S_20_00929 --indv S_20_00930 --indv S_20_00942 --indv S_20_00943 --indv S_20_00944 --indv S_20_00945 --indv S_20_00948 --indv S_20_00951 --indv S_20_00952 --indv S_20_00954 --indv S_20_00955 --indv S_20_00957 --indv S_20_00959 --indv S_20_00960 --indv S_20_00961 --indv S_20_00962 --indv S_20_00964 --indv S_20_00965 --indv S_20_00966 --indv S_20_00967 --indv S_20_00968 --indv S_20_00969 --indv S_20_00974 --indv S_20_00975 --indv S_20_00976 --indv S_20_00977 --indv S_20_00978 --indv S_20_00982 --indv S_20_00983 --indv S_20_00987 --indv S_20_00988 --indv S_20_00989 --indv S_20_00990 --indv S_20_00991 --indv S_20_00992 --indv S_20_00993 --indv S_20_00995 --indv S_20_00996 --indv S_20_00999 --indv S_20_01000 --indv S_20_01001 --indv S_20_01002 --indv S_20_01003 --indv S_20_01004 --indv S_20_01005 --indv S_20_01006 --indv S_20_01009 --indv S_20_01010 --indv S_20_01012_rep --indv S_20_01013_rep --indv S_20_01014 --indv S_20_01016 --indv S_20_01017 --indv S_20_01018_rep --indv S_20_01019 --indv S_20_01020 --indv S_20_01021 --indv S_20_01022 --indv S_20_01023 --indv S_20_01024 --indv S_20_01025 --indv S_20_01026 --indv S_20_01028 --indv S_20_01029 --indv S_20_01030 --indv S_20_01031 --indv S_20_01036 --indv S_20_01038 --indv S_20_01040 --indv S_20_01042 --indv S_20_01044 --indv S_20_01045 --indv S_20_01046 --indv S_20_01047 --indv S_20_01048 --indv S_20_01049 --indv S_20_01050 --indv S_20_01051 --indv S_20_01052 --indv S_20_01053 --indv S_20_01059 --indv S_20_01060 --indv S_20_01061 --indv S_20_01062 --indv S_20_01063 --indv S_20_01065 --indv S_20_01066 --indv S_20_01068 --indv S_20_01071 --indv S_20_01072 --indv S_20_01074 --indv S_20_01075 --indv S_20_01076 --indv S_20_01077 --indv S_20_01078 --indv S_20_01079 --indv S_20_01080 --indv S_20_01081 --indv S_20_01083 --indv S_20_01084 --indv S_20_01086 --indv S_20_01087 --indv S_20_01088 --indv S_20_01090 --indv S_20_01091 --indv S_20_01092 --indv S_20_01093 --indv S_20_01094 --indv S_20_01095_rep --indv S_20_01096_rep --indv S_20_01097 --indv S_20_01098 --indv S_20_01099 --indv S_20_01101 --indv S_20_01102 --indv S_20_01103 --indv S_20_01105 --indv S_20_01106 --indv S_20_01110 --indv S_20_01112 --indv S_20_01113 --indv S_20_01119 --indv S_20_01124 --indv S_20_01126 --indv S_20_01134 --indv S_20_01135 --indv S_20_01136 --indv S_20_01137 --indv S_20_01139 --indv S_20_01144 --indv S_20_01145 --indv S_20_01147 --indv S_20_01154 --indv S_20_01210 --indv S_20_01211 --indv S_20_01214 --indv S_20_01418 --indv S_20_01618 --indv S_20_01620 --indv S_20_01621 --indv S_20_01622 --indv S_20_01623 --indv S_20_01624 --indv S_20_01626 --indv S_20_01628 --indv S_20_01629 --indv S_20_01630 --indv S_20_01631 --indv S_20_01632 --indv S_20_01635 --indv S_20_01636 --indv S_20_01637 --indv S_20_01638 --indv S_20_01639 --indv S_20_01706 --indv S_20_01707 --indv S_20_01708 --indv S_20_01709 --indv S_20_01762 --indv S_20_01763 --indv S_20_01764 --indv S_20_01765 --indv S_20_01766 --indv S_20_01767 --indv S_20_01769 --indv S_20_01771 --indv S_20_01774 --indv S_20_01775 --indv S_20_01781 --indv S_20_01783_rep --indv S_20_01784 --indv S_20_01785 --indv S_20_01787 --indv S_20_01788 --indv S_20_01791 --indv S_20_01792 --indv S_20_01793 --indv S_20_01794 --indv S_20_01797 --indv S_20_01801 --indv S_20_01803 --indv S_20_01863 --indv S_20_01864 --indv S_20_01865 --indv S_20_01866 --indv S_20_01873 --indv S_20_01874 --indv S_20_01878 --indv S_20_01882 --indv S_20_01883 --indv S_20_01894 --indv S_20_01896 --indv S_20_01899 --indv S_20_01900 --indv S_20_01904 --indv S_20_01906 --indv S_20_01920 --indv S_20_01933 --indv S_20_01935 --indv S_20_01938 --indv S_20_01939 --indv S_20_01940 --indv S_20_01942 --indv S_20_01944 --indv S_20_01947 --indv S_20_01948 --indv S_20_01949 --indv S_20_01985 --indv S_20_01986 --indv S_20_01991 --indv S_20_02067 --indv S_20_02068 --indv S_20_02069 --indv S_20_02070 --indv S_20_02083 --indv S_20_02100 --indv S_20_02102 --indv S_20_02103 --indv S_20_02104 --indv S_20_02108 --indv S_20_02109 --indv S_20_02110 --indv S_20_02115 --indv S_20_02173 --indv S_20_02174 --indv S_20_02177 --indv S_20_02178 --indv S_20_02179 --indv S_20_02180 --indv S_20_02182 --indv S_20_02239 --indv S_20_02240 --indv S_20_02242 --indv S_20_02249 --indv S_20_02252 --indv S_20_02254 --indv S_20_02255 --indv S_20_02256 --indv S_20_02257 --indv S_20_02258 --indv S_20_02261 --indv S_20_02262 --indv S_20_02285 --indv S_20_02299 --indv S_20_02350 --indv S_20_02352 --indv S_20_02353 --indv S_20_02354 --indv S_20_02355 --indv S_20_02356 --indv S_20_02362 --indv S_20_02364 --indv S_20_02365 --indv S_20_02373 --indv S_20_02374 --indv S_20_02375 --indv S_20_02380 --indv S_20_02381 --indv S_20_02382 --indv S_20_02383 --indv S_20_02385 --indv S_20_02386 --indv S_20_02387 --indv S_20_02388 --indv S_20_02389 --indv S_20_02390 --indv S_20_02391 --indv S_20_02392 --indv S_20_02393 --indv S_20_02394 --indv S_20_02444 --indv S_20_02537 --indv S_20_02539 --indv S_20_02540 --indv S_20_02582 --indv S_20_02591 --indv S_20_02608 --indv S_20_02609 --indv S_20_02610 --indv S_20_02611 --indv S_20_02612 --indv S_20_02633 --indv S_20_02634 --indv S_20_02635 --indv S_20_02636 --indv S_20_02659 --indv S_20_02664 --indv S_20_02714 --indv S_20_02715 --indv S_20_02716 --indv S_20_02726 --indv S_20_02727 --indv S_20_02728 --indv S_20_02767 --indv S_20_02808 --indv S_20_02809 --indv S_20_02848 --indv S_20_02849 --indv S_20_02869 --indv S_20_02908 --indv S_20_02910 --indv S_20_02911 --indv S_20_02912 --indv S_20_02913 --indv S_20_02916 --indv S_20_02917 --indv S_20_02957 --indv S_20_02958 --indv S_20_02959 --indv S_20_02961 --indv S_20_02963 --indv S_20_02964 --indv S_20_02965 --indv S_20_02966 --indv S_20_03000 --indv S_20_03001 --indv S_20_03026 --indv S_20_03027 --indv S_20_03028 --indv S_20_03029 --indv S_20_03033 --indv S_20_03034 --indv S_20_03035 --indv S_20_03036 --indv S_20_03037 --indv S_20_03038 --indv S_20_03039 --indv S_20_03054 --indv S_20_03055 --indv S_20_03056 --indv S_20_03083 --indv S_20_03084 --indv S_20_03085 --indv S_20_03086 --indv S_20_03087 --indv S_20_03088 --indv S_20_03090 --indv S_20_03091 --indv S_20_03092 --indv S_20_03094 --indv S_20_03095 --indv S_20_03096 --indv S_20_03098 --indv S_20_03099 --indv S_20_03100 --indv S_20_03102 --indv S_20_03106 --indv S_20_03118 --indv S_20_03119 --indv S_20_03180 --indv S_20_03181 --indv S_20_03182 --indv S_20_03183 --indv S_20_03185 --indv S_20_03186 --indv S_20_03195 --indv S_20_03197 --indv S_20_03202 --indv S_20_03203 --indv S_20_03207 --indv S_20_03210 --indv S_20_03212 --indv S_20_03218 --indv S_20_03229 --indv S_20_03230 --indv S_20_03231 --indv S_20_03339 --indv S_20_03340 --indv S_20_03341 --indv S_20_03342 --indv S_20_03343 --indv S_20_03344 --indv S_20_03345 --indv S_20_03419 --indv S_20_03446 --indv S_20_03447 --indv S_20_03448 --indv S_20_03449 --indv S_20_03450 --indv S_20_03451 --indv S_20_03452 --indv S_20_03453 --indv S_20_03454 --indv S_20_03455 --indv S_20_03476_rep --indv S_20_03478 --indv S_20_03480 --indv S_20_03481 --indv S_20_03482 --indv S_20_03486 --indv S_20_03506 --indv S_20_03507 --indv S_20_03508 --indv S_20_03509 --indv S_20_03510 --indv S_20_03512 --indv S_20_03514 --indv S_20_03515 --indv S_20_03516 --indv S_20_03517 --indv S_20_03519 --indv S_20_03520 --indv S_20_03521 --indv S_20_03522 --indv S_20_03524 --indv S_20_03525 --indv S_20_03527 --indv S_20_03528 --indv S_20_03572 --indv S_20_03573 --indv S_20_03575 --indv S_20_03577 --indv S_20_03582 --indv S_20_03583 --indv S_20_03585 --indv S_20_03586 --indv S_20_03587 --indv S_20_03588 --indv S_20_03590 --indv S_20_03591 --indv S_20_03592 --indv S_20_03593 --indv S_20_03595 --indv S_20_03598 --indv S_20_03599 --indv S_20_03600 --indv S_20_03601 --indv S_20_03605 --indv S_20_03606 --indv S_20_03607 --indv S_20_03608 --indv S_20_03613 --indv S_20_03614 --indv S_20_03616 --indv S_20_03617 --indv S_20_03618 --indv S_20_03623 --indv S_20_03624 --indv S_20_03625 --indv S_20_03626 --indv S_20_03627 --indv S_20_03628 --indv S_20_03630 --indv S_20_03631 --indv S_20_03632 --indv S_20_03633 --indv S_20_03634 --indv S_20_03635 --indv S_20_03636 --indv S_20_03649 --indv S_20_03652 --indv S_20_03655 --indv S_20_03656 --indv S_20_03658 --indv S_20_03664 --indv S_20_03665_rep --out /media/genyoda/Extra_Storage/Projets/MOBELS/Beluga_PopStructure_Global/./00_Data/01_Filtering.ref/01_Bringloe/01c_MissingData/populations.92115snps.679ind.all



VCFtools - 0.1.16
(C) Adam Auton and Anthony Marcketta 2009

Parameters as interpreted:
	--vcf /media/genyoda/Extra_Storage/Projets/MOBELS/Beluga_PopStructure_Global/./00_Data/01_Filtering.ref/01_Bringloe/01c_MissingData/populations.92115snps.680ind.all.recode.vcf
	--out /media/genyoda/Extra_Storage/Projets/MOBELS/Beluga_PopStructure_Global/./00_Data/01_Filtering.ref/01_Bringloe/01c_MissingData/populations.92115snps.679ind.all
	--recode
	--indv S_20_00600
	--indv S_20_00601
	--indv S_20_00602
	--indv S_20_00603
	--indv S_20_00604
	--indv S_20_00605
	--indv S_20_00606
	--indv S_20_00607
	--indv S_20_00608
	--indv S_20_00609
	--indv S_20_00610
	--indv S_20_00611
	--indv S_20_00614
	--indv S_20_00615
	--indv S_20_00616
	--indv S_20_00617
	--indv S_20_00618
	--indv S_20_00620
	--indv S_20_00621
	--indv S_20_00622
	--indv S_20_00625
	--indv S_20_00626_rep
	--indv S_20_00627
	--indv S_20_00628
	--indv S_20_00629
	--indv S_20_00630
	--indv S_20_00632
	--indv S_20_00633
	--indv S_20_00635
	--indv S_20_00636
	--indv S_20_00638
	--indv S_20_00639
	--indv S_20_00640
	--indv S_20_00642
	--indv S_20_00643
	--indv S_20_00644
	--indv S_20_00645
	--indv S_20_00646_rep
	--indv S_20_00647_rep
	--indv S_20_00649
	--indv S_20_00650
	--indv S_20_00651
	--indv S_20_00652
	--indv S_20_00653
	--indv S_20_00654
	--indv S_20_00656
	--indv S_20_00657
	--indv S_20_00658
	--indv S_20_00660
	--indv S_20_00661
	--indv S_20_00662
	--indv S_20_00664
	--indv S_20_00665
	--indv S_20_00666
	--indv S_20_00667
	--indv S_20_00668
	--indv S_20_00670
	--indv S_20_00676
	--indv S_20_00678
	--indv S_20_00681
	--indv S_20_00683
	--indv S_20_00684
	--indv S_20_00685
	--indv S_20_00686
	--indv S_20_00687
	--indv S_20_00690
	--indv S_20_00692
	--indv S_20_00695
	--indv S_20_00697
	--indv S_20_00699
	--indv S_20_00701
	--indv S_20_00702
	--indv S_20_00703
	--indv S_20_00709
	--indv S_20_00710
	--indv S_20_00711
	--indv S_20_00712
	--indv S_20_00713
	--indv S_20_00717
	--indv S_20_00718
	--indv S_20_00719
	--indv S_20_00720
	--indv S_20_00721
	--indv S_20_00722
	--indv S_20_00724
	--indv S_20_00725
	--indv S_20_00726
	--indv S_20_00729
	--indv S_20_00730
	--indv S_20_00731
	--indv S_20_00732
	--indv S_20_00733
	--indv S_20_00734
	--indv S_20_00735
	--indv S_20_00738
	--indv S_20_00740
	--indv S_20_00741
	--indv S_20_00742
	--indv S_20_00743
	--indv S_20_00744
	--indv S_20_00745
	--indv S_20_00748
	--indv S_20_00749
	--indv S_20_00750
	--indv S_20_00751
	--indv S_20_00753
	--indv S_20_00754
	--indv S_20_00755
	--indv S_20_00757
	--indv S_20_00758
	--indv S_20_00759
	--indv S_20_00761
	--indv S_20_00762
	--indv S_20_00764
	--indv S_20_00765
	--indv S_20_00766
	--indv S_20_00767
	--indv S_20_00768
	--indv S_20_00769
	--indv S_20_00770
	--indv S_20_00771
	--indv S_20_00772
	--indv S_20_00775
	--indv S_20_00776
	--indv S_20_00777
	--indv S_20_00778
	--indv S_20_00779
	--indv S_20_00780
	--indv S_20_00781
	--indv S_20_00782
	--indv S_20_00784
	--indv S_20_00788
	--indv S_20_00789
	--indv S_20_00790
	--indv S_20_00791
	--indv S_20_00792
	--indv S_20_00793
	--indv S_20_00794
	--indv S_20_00795
	--indv S_20_00796
	--indv S_20_00797
	--indv S_20_00798
	--indv S_20_00799
	--indv S_20_00800
	--indv S_20_00801
	--indv S_20_00802
	--indv S_20_00803
	--indv S_20_00804
	--indv S_20_00805
	--indv S_20_00806
	--indv S_20_00807
	--indv S_20_00808
	--indv S_20_00809
	--indv S_20_00810
	--indv S_20_00811
	--indv S_20_00812
	--indv S_20_00813
	--indv S_20_00814
	--indv S_20_00816
	--indv S_20_00817
	--indv S_20_00818
	--indv S_20_00820
	--indv S_20_00822
	--indv S_20_00828
	--indv S_20_00829
	--indv S_20_00830
	--indv S_20_00831
	--indv S_20_00832
	--indv S_20_00833
	--indv S_20_00834
	--indv S_20_00835_rep_1
	--indv S_20_00836
	--indv S_20_00849_rep
	--indv S_20_00851_rep
	--indv S_20_00852_rep
	--indv S_20_00853
	--indv S_20_00854_rep
	--indv S_20_00855
	--indv S_20_00856
	--indv S_20_00857_rep
	--indv S_20_00860
	--indv S_20_00861_rep
	--indv S_20_00862_rep
	--indv S_20_00865
	--indv S_20_00866
	--indv S_20_00867
	--indv S_20_00868
	--indv S_20_00869
	--indv S_20_00870
	--indv S_20_00871
	--indv S_20_00872
	--indv S_20_00878
	--indv S_20_00881
	--indv S_20_00884
	--indv S_20_00885
	--indv S_20_00890
	--indv S_20_00891
	--indv S_20_00892
	--indv S_20_00894
	--indv S_20_00895
	--indv S_20_00897
	--indv S_20_00898
	--indv S_20_00899
	--indv S_20_00901
	--indv S_20_00903
	--indv S_20_00904
	--indv S_20_00905
	--indv S_20_00907
	--indv S_20_00908
	--indv S_20_00912
	--indv S_20_00913
	--indv S_20_00914
	--indv S_20_00915
	--indv S_20_00916_rep
	--indv S_20_00917
	--indv S_20_00918_rep
	--indv S_20_00920
	--indv S_20_00921_rep
	--indv S_20_00924
	--indv S_20_00925
	--indv S_20_00926
	--indv S_20_00927
	--indv S_20_00928
	--indv S_20_00929
	--indv S_20_00930
	--indv S_20_00942
	--indv S_20_00943
	--indv S_20_00944
	--indv S_20_00945
	--indv S_20_00948
	--indv S_20_00951
	--indv S_20_00952
	--indv S_20_00954
	--indv S_20_00955
	--indv S_20_00957
	--indv S_20_00959
	--indv S_20_00960
	--indv S_20_00961
	--indv S_20_00962
	--indv S_20_00964
	--indv S_20_00965
	--indv S_20_00966
	--indv S_20_00967
	--indv S_20_00968
	--indv S_20_00969
	--indv S_20_00974
	--indv S_20_00975
	--indv S_20_00976
	--indv S_20_00977
	--indv S_20_00978
	--indv S_20_00982
	--indv S_20_00983
	--indv S_20_00987
	--indv S_20_00988
	--indv S_20_00989
	--indv S_20_00990
	--indv S_20_00991
	--indv S_20_00992
	--indv S_20_00993
	--indv S_20_00995
	--indv S_20_00996
	--indv S_20_00999
	--indv S_20_01000
	--indv S_20_01001
	--indv S_20_01002
	--indv S_20_01003
	--indv S_20_01004
	--indv S_20_01005
	--indv S_20_01006
	--indv S_20_01009
	--indv S_20_01010
	--indv S_20_01012_rep
	--indv S_20_01013_rep
	--indv S_20_01014
	--indv S_20_01016
	--indv S_20_01017
	--indv S_20_01018_rep
	--indv S_20_01019
	--indv S_20_01020
	--indv S_20_01021
	--indv S_20_01022
	--indv S_20_01023
	--indv S_20_01024
	--indv S_20_01025
	--indv S_20_01026
	--indv S_20_01028
	--indv S_20_01029
	--indv S_20_01030
	--indv S_20_01031
	--indv S_20_01036
	--indv S_20_01038
	--indv S_20_01040
	--indv S_20_01042
	--indv S_20_01044
	--indv S_20_01045
	--indv S_20_01046
	--indv S_20_01047
	--indv S_20_01048
	--indv S_20_01049
	--indv S_20_01050
	--indv S_20_01051
	--indv S_20_01052
	--indv S_20_01053
	--indv S_20_01059
	--indv S_20_01060
	--indv S_20_01061
	--indv S_20_01062
	--indv S_20_01063
	--indv S_20_01065
	--indv S_20_01066
	--indv S_20_01068
	--indv S_20_01071
	--indv S_20_01072
	--indv S_20_01074
	--indv S_20_01075
	--indv S_20_01076
	--indv S_20_01077
	--indv S_20_01078
	--indv S_20_01079
	--indv S_20_01080
	--indv S_20_01081
	--indv S_20_01083
	--indv S_20_01084
	--indv S_20_01086
	--indv S_20_01087
	--indv S_20_01088
	--indv S_20_01090
	--indv S_20_01091
	--indv S_20_01092
	--indv S_20_01093
	--indv S_20_01094
	--indv S_20_01095_rep
	--indv S_20_01096_rep
	--indv S_20_01097
	--indv S_20_01098
	--indv S_20_01099
	--indv S_20_01101
	--indv S_20_01102
	--indv S_20_01103
	--indv S_20_01105
	--indv S_20_01106
	--indv S_20_01110
	--indv S_20_01112
	--indv S_20_01113
	--indv S_20_01119
	--indv S_20_01124
	--indv S_20_01126
	--indv S_20_01134
	--indv S_20_01135
	--indv S_20_01136
	--indv S_20_01137
	--indv S_20_01139
	--indv S_20_01144
	--indv S_20_01145
	--indv S_20_01147
	--indv S_20_01154
	--indv S_20_01210
	--indv S_20_01211
	--indv S_20_01214
	--indv S_20_01418
	--indv S_20_01618
	--indv S_20_01620
	--indv S_20_01621
	--indv S_20_01622
	--indv S_20_01623
	--indv S_20_01624
	--indv S_20_01626
	--indv S_20_01628
	--indv S_20_01629
	--indv S_20_01630
	--indv S_20_01631
	--indv S_20_01632
	--indv S_20_01635
	--indv S_20_01636
	--indv S_20_01637
	--indv S_20_01638
	--indv S_20_01639
	--indv S_20_01706
	--indv S_20_01707
	--indv S_20_01708
	--indv S_20_01709
	--indv S_20_01762
	--indv S_20_01763
	--indv S_20_01764
	--indv S_20_01765
	--indv S_20_01766
	--indv S_20_01767
	--indv S_20_01769
	--indv S_20_01771
	--indv S_20_01774
	--indv S_20_01775
	--indv S_20_01781
	--indv S_20_01783_rep
	--indv S_20_01784
	--indv S_20_01785
	--indv S_20_01787
	--indv S_20_01788
	--indv S_20_01791
	--indv S_20_01792
	--indv S_20_01793
	--indv S_20_01794
	--indv S_20_01797
	--indv S_20_01801
	--indv S_20_01803
	--indv S_20_01863
	--indv S_20_01864
	--indv S_20_01865
	--indv S_20_01866
	--indv S_20_01873
	--indv S_20_01874
	--indv S_20_01878
	--indv S_20_01882
	--indv S_20_01883
	--indv S_20_01894
	--indv S_20_01896
	--indv S_20_01899
	--indv S_20_01900
	--indv S_20_01904
	--indv S_20_01906
	--indv S_20_01920
	--indv S_20_01933
	--indv S_20_01935
	--indv S_20_01938
	--indv S_20_01939
	--indv S_20_01940
	--indv S_20_01942
	--indv S_20_01944
	--indv S_20_01947
	--indv S_20_01948
	--indv S_20_01949
	--indv S_20_01985
	--indv S_20_01986
	--indv S_20_01991
	--indv S_20_02067
	--indv S_20_02068
	--indv S_20_02069
	--indv S_20_02070
	--indv S_20_02083
	--indv S_20_02100
	--indv S_20_02102
	--indv S_20_02103
	--indv S_20_02104
	--indv S_20_02108
	--indv S_20_02109
	--indv S_20_02110
	--indv S_20_02115
	--indv S_20_02173
	--indv S_20_02174
	--indv S_20_02177
	--indv S_20_02178
	--indv S_20_02179
	--indv S_20_02180
	--indv S_20_02182
	--indv S_20_02239
	--indv S_20_02240
	--indv S_20_02242
	--indv S_20_02249
	--indv S_20_02252
	--indv S_20_02254
	--indv S_20_02255
	--indv S_20_02256
	--indv S_20_02257
	--indv S_20_02258
	--indv S_20_02261
	--indv S_20_02262
	--indv S_20_02285
	--indv S_20_02299
	--indv S_20_02350
	--indv S_20_02352
	--indv S_20_02353
	--indv S_20_02354
	--indv S_20_02355
	--indv S_20_02356
	--indv S_20_02362
	--indv S_20_02364
	--indv S_20_02365
	--indv S_20_02373
	--indv S_20_02374
	--indv S_20_02375
	--indv S_20_02380
	--indv S_20_02381
	--indv S_20_02382
	--indv S_20_02383
	--indv S_20_02385
	--indv S_20_02386
	--indv S_20_02387
	--indv S_20_02388
	--indv S_20_02389
	--indv S_20_02390
	--indv S_20_02391
	--indv S_20_02392
	--indv S_20_02393
	--indv S_20_02394
	--indv S_20_02444
	--indv S_20_02537
	--indv S_20_02539
	--indv S_20_02540
	--indv S_20_02582
	--indv S_20_02591
	--indv S_20_02608
	--indv S_20_02609
	--indv S_20_02610
	--indv S_20_02611
	--indv S_20_02612
	--indv S_20_02633
	--indv S_20_02634
	--indv S_20_02635
	--indv S_20_02636
	--indv S_20_02659
	--indv S_20_02664
	--indv S_20_02714
	--indv S_20_02715
	--indv S_20_02716
	--indv S_20_02726
	--indv S_20_02727
	--indv S_20_02728
	--indv S_20_02767
	--indv S_20_02808
	--indv S_20_02809
	--indv S_20_02848
	--indv S_20_02849
	--indv S_20_02869
	--indv S_20_02908
	--indv S_20_02910
	--indv S_20_02911
	--indv S_20_02912
	--indv S_20_02913
	--indv S_20_02916
	--indv S_20_02917
	--indv S_20_02957
	--indv S_20_02958
	--indv S_20_02959
	--indv S_20_02961
	--indv S_20_02963
	--indv S_20_02964
	--indv S_20_02965
	--indv S_20_02966
	--indv S_20_03000
	--indv S_20_03001
	--indv S_20_03026
	--indv S_20_03027
	--indv S_20_03028
	--indv S_20_03029
	--indv S_20_03033
	--indv S_20_03034
	--indv S_20_03035
	--indv S_20_03036
	--indv S_20_03037
	--indv S_20_03038
	--indv S_20_03039
	--indv S_20_03054
	--indv S_20_03055
	--indv S_20_03056
	--indv S_20_03083
	--indv S_20_03084
	--indv S_20_03085
	--indv S_20_03086
	--indv S_20_03087
	--indv S_20_03088
	--indv S_20_03090
	--indv S_20_03091
	--indv S_20_03092
	--indv S_20_03094
	--indv S_20_03095
	--indv S_20_03096
	--indv S_20_03098
	--indv S_20_03099
	--indv S_20_03100
	--indv S_20_03102
	--indv S_20_03106
	--indv S_20_03118
	--indv S_20_03119
	--indv S_20_03180
	--indv S_20_03181
	--indv S_20_03182
	--indv S_20_03183
	--indv S_20_03185
	--indv S_20_03186
	--indv S_20_03195
	--indv S_20_03197
	--indv S_20_03202
	--indv S_20_03203
	--indv S_20_03207
	--indv S_20_03210
	--indv S_20_03212
	--indv S_20_03218
	--indv S_20_03229
	--indv S_20_03230
	--indv S_20_03231
	--indv S_20_03339
	--indv S_20_03340
	--indv S_20_03341
	--indv S_20_03342
	--indv S_20_03343
	--indv S_20_03344
	--indv S_20_03345
	--indv S_20_03419
	--indv S_20_03446
	--indv S_20_03447
	--indv S_20_03448
	--indv S_20_03449
	--indv S_20_03450
	--indv S_20_03451
	--indv S_20_03452
	--indv S_20_03453
	--indv S_20_03454
	--indv S_20_03455
	--indv S_20_03476_rep
	--indv S_20_03478
	--indv S_20_03480
	--indv S_20_03481
	--indv S_20_03482
	--indv S_20_03486
	--indv S_20_03506
	--indv S_20_03507
	--indv S_20_03508
	--indv S_20_03509
	--indv S_20_03510
	--indv S_20_03512
	--indv S_20_03514
	--indv S_20_03515
	--indv S_20_03516
	--indv S_20_03517
	--indv S_20_03519
	--indv S_20_03520
	--indv S_20_03521
	--indv S_20_03522
	--indv S_20_03524
	--indv S_20_03525
	--indv S_20_03527
	--indv S_20_03528
	--indv S_20_03572
	--indv S_20_03573
	--indv S_20_03575
	--indv S_20_03577
	--indv S_20_03582
	--indv S_20_03583
	--indv S_20_03585
	--indv S_20_03586
	--indv S_20_03587
	--indv S_20_03588
	--indv S_20_03590
	--indv S_20_03591
	--indv S_20_03592
	--indv S_20_03593
	--indv S_20_03595
	--indv S_20_03598
	--indv S_20_03599
	--indv S_20_03600
	--indv S_20_03601
	--indv S_20_03605
	--indv S_20_03606
	--indv S_20_03607
	--indv S_20_03608
	--indv S_20_03613
	--indv S_20_03614
	--indv S_20_03616
	--indv S_20_03617
	--indv S_20_03618
	--indv S_20_03623
	--indv S_20_03624
	--indv S_20_03625
	--indv S_20_03626
	--indv S_20_03627
	--indv S_20_03628
	--indv S_20_03630
	--indv S_20_03631
	--indv S_20_03632
	--indv S_20_03633
	--indv S_20_03634
	--indv S_20_03635
	--indv S_20_03636
	--indv S_20_03649
	--indv S_20_03652
	--indv S_20_03655
	--indv S_20_03656
	--indv S_20_03658
	--indv S_20_03664
	--indv S_20_03665_rep

Keeping individuals in 'keep' list
After filtering, kept 679 out of 680 Individuals
Outputting VCF file...
After filtering, kept 92379 out of a possible 92379 Sites
Run Time = 84.00 seconds
