PLINK v1.90b6.24 64-bit (6 Jun 2021)
Options in effect:
  --make-bed
  --out ./00_Data/03b_ddRAD_Bringloe/populations.24709snps.638ind.NoOutliers.recode
  --tfam ./00_Data/03b_ddRAD_Bringloe/populations.24709snps.638ind.NoOutliers.recode.tfam
  --tped ./00_Data/03b_ddRAD_Bringloe/populations.24709snps.638ind.NoOutliers.recode.tped

Hostname: genyoda-Precision-7920-Tower
Working directory: /media/genyoda/Extra_Storage/Projets/MOBELS/Beluga_PopStructure_Global
Start time: Sat Feb 10 06:56:22 2024

Random number seed: 1707566182
772647 MB RAM detected; reserving 386323 MB for main workspace.
Processing .tped file.
./00_Data/03b_ddRAD_Bringloe/populations.24709snps.638ind.NoOutliers.recode-temporary.bed
+
./00_Data/03b_ddRAD_Bringloe/populations.24709snps.638ind.NoOutliers.recode-temporary.bim
+
./00_Data/03b_ddRAD_Bringloe/populations.24709snps.638ind.NoOutliers.recode-temporary.fam
written.
24709 variants loaded from .bim file.
638 people (0 males, 0 females, 638 ambiguous) loaded from .fam.
Ambiguous sex IDs written to
./00_Data/03b_ddRAD_Bringloe/populations.24709snps.638ind.NoOutliers.recode.nosex
.
Using 1 thread (no multithreaded calculations invoked).
Before main variant filters, 638 founders and 0 nonfounders present.
Calculating allele frequencies... done.
Total genotyping rate is 0.975397.
24709 variants and 638 people pass filters and QC.
Note: No phenotypes present.
--make-bed to
./00_Data/03b_ddRAD_Bringloe/populations.24709snps.638ind.NoOutliers.recode.bed
+
./00_Data/03b_ddRAD_Bringloe/populations.24709snps.638ind.NoOutliers.recode.bim
+
./00_Data/03b_ddRAD_Bringloe/populations.24709snps.638ind.NoOutliers.recode.fam
... done.

End time: Sat Feb 10 06:56:22 2024
